2025-12-24 16:55:23,154 - INFO - [MainThread] - HTTP Request: GET http://127.0.0.1:7863/gradio_api/startup-events "HTTP/1.1 200 OK"
2025-12-24 16:55:23,548 - INFO - [MainThread] - HTTP Request: HEAD http://127.0.0.1:7863/ "HTTP/1.1 200 OK"
2025-12-24 16:55:24,170 - INFO - [Thread-1 (version_check)] - HTTP Request: GET https://api.gradio.app/pkg-version "HTTP/1.1 200 OK"
2025-12-24 16:55:37,276 - INFO - [AnyIO worker thread] - 正在启动联网搜索...
2025-12-24 16:55:38,201 - INFO - [AnyIO worker thread] - HTTP Request: POST https://dashscope.aliyuncs.com/compatible-mode/v1/embeddings "HTTP/1.1 200 OK"
2025-12-24 16:55:43,246 - INFO - [AnyIO worker thread] - Retrying request to /chat/completions in 0.477077 seconds
2025-12-24 16:55:48,752 - INFO - [AnyIO worker thread] - Retrying request to /chat/completions in 0.758859 seconds
2025-12-24 18:25:12,788 - INFO - [MainThread] - 正在启动联网搜索...
2025-12-24 18:25:12,791 - INFO - [MainThread] - index_path:{index_path}
2025-12-24 18:25:18,643 - INFO - [MainThread] - Retrying request to /embeddings in 0.491197 seconds
2025-12-24 18:25:24,159 - INFO - [MainThread] - Retrying request to /embeddings in 0.979495 seconds
2025-12-24 18:28:22,967 - INFO - [MainThread] - ============================================================
2025-12-24 18:28:22,968 - INFO - [MainThread] - 执行分段逻辑
2025-12-24 18:28:22,969 - INFO - [MainThread] - 没有明显的段落分隔符，按长度分段
2025-12-24 18:28:22,970 - INFO - [MainThread] - 段落数：12
2025-12-24 18:28:22,970 - INFO - [MainThread] - 段落i=0,长度para_len=633
2025-12-24 18:28:22,970 - INFO - [MainThread] - 段落长度小于等于chunk_size=800，直接加入段落列表
2025-12-24 18:28:22,970 - INFO - [MainThread] - 段落i=1,长度para_len=756
2025-12-24 18:28:22,970 - INFO - [MainThread] - ************************************************************
2025-12-24 18:28:22,970 - INFO - [MainThread] - 分段id:0,存入：['I 6 英寸SiC 单晶炉SJJG-400N 软件说明书 中国科学院沈阳科学仪器股份有限公司 二〇二〇年八月 II 目录 一、引言   4 二．软件和程序启动   5 三．主界面概览   6 3.1 主界面概览   6 四．状态栏   8 4.1 出口   9 4.2 用户管理   10 4.2.1 权限   10 4.2.2 用户登录   11 4.2.3 修改密码   12 4.2.4 厂家方面使用的密码(初始密码)   13 4.3 运行模式   14 4.3.1 自动运行模式   14 4.3.2 手动运行模式   14 4.3.3 从自动运行模式切换到手动运行模式   14 4.3.4 状态显示   14 4.3.5 运行模式预选   15 4.4 报警   16 4.4.1 报警消息   16 4.4.2 查看报警信息   16 4.4.3 报警列表   17 4.5 操作员呼叫   21 4.5.1 启动定时呼叫功能   21 4.5.2 停止定时呼叫功能   22 III 4.6 工艺阶段栏   23 五．底部菜单栏   24 5.1 概览   24 5.2 状态   25 5.3 工艺   27 5.3.1 工艺流程界面   27 5.3.2 工艺编辑界面   30 5.4 加热   32 5.5 运动   33 5.6 功率历史   34 5.7 趋势   35 5.8 高温计摄像头   36 5.9 控制参数   37 5.']
2025-12-24 18:28:22,970 - INFO - [MainThread] - 段落i=2,长度para_len=708
2025-12-24 18:28:22,970 - INFO - [MainThread] - ************************************************************
2025-12-24 18:28:22,970 - INFO - [MainThread] - 分段id:1,存入：['36 5.9 控制参数   37 5.10 报警静音   39 4 一、引言 SKYAF15 控制系统具有带触摸屏的操作员界面，其可用来控制大部分设 备功能。 可通过触摸屏指定和修改工艺参数，保存工艺方案，并为其加载相应的 工艺。 可通过控制系统在手动、自动运行模式下控制设备。自动运行模式是常 用的运行模式。 5 二．软件和程序启动 “SKYAF15”软件通过桌面界面上的文件快捷方式“SKYAF15-Shortcut”启 动。 通过双击光标启动程序 启动程序快捷方式后，显示器上将弹出程序的加载界面 加载完成，则进入主界面 主界面 6 三．主界面概览 3.1 主界面概览 1） 状态栏 含用户管理、运行模式、报警、操作员呼叫、日期和工艺阶段子菜单和状态 显示。 2） 设备的状态显示 用于图示当前设备状态。 3）状态栏 用于显示为设备操作员提供的补充文本消息。 4） “底部”菜单栏 含用于状态、工艺、加热、运动、功率历史、趋势、高温摄像头和控制参数 等的子菜单。 5）“压力”显示栏 7 用于显示当前当前压力和控压阀开度。 6） 加热器显示栏 用于显示加热相关状态。 7） “气体”显示栏 用于显示当前的气体流量。 8） 冷却水显示栏 用于显示当前的冷却水温度。 9） 生长时间显示栏 用于显示工艺持续时间。 8 四．状态栏 状态栏整体如下图 1）日期显示： 用于显示时间和日期 2）出口： 用于退出程序。 3）用户管理： 用于管理操作权限和密码，以下图标分别表示 4）运行模式： 用于运行模式“手动模式”、 “自动模式”的预选和相关状态显示。 5）报警： 用于设备故障的报告和显示及确认。 6）操作员呼叫： 用于调节和激活设备的对操作员的呼叫时间 7）工艺阶段栏： 用于显示设备的当前工艺阶段。 9 4.']
2025-12-24 18:28:22,974 - INFO - [MainThread] - 段落i=3,长度para_len=446
2025-12-24 18:28:22,974 - INFO - [MainThread] - ************************************************************
2025-12-24 18:28:22,974 - INFO - [MainThread] - 分段id:2,存入：['用于显示设备的当前工艺阶段。 9 4.1 出口 通过“出口”图标，可以退出程序。 界面中将弹出提示窗口，窗口中将带有以下问题： 退出控制系统？ “是”的回答，则将结束程序。 “否”的回答，则将不会结束程序。 10 4.2 用户管理 通过“用户管理”图标，可以对用户权限和密码分配进行控制 4.2.1 权限 通过颜色标记，权限等级便一目了然了： 锁定（没有权限） 操作员 工长 工艺工程师 管理员 11 4.2.2 用户登录 如果没有任何用户登录，默认是锁定，点击用户管理图标进入登录窗口。 在口令中输入密码，按下登录键，密码正确则登录成功，权限图标发生改变。 若密码错误则弹出提示窗，如下图 12 4.2.3 修改密码 只有具有管理员权限方可对密码进行修改 管理员已登录，按下用户管理图标，进入用户管理界面 按下“口令修改”键，弹出窗口，如下图 13 选择要修改密码的用户，依次输入旧口令，新口令和新口令（重复）点击保 存 弹出提示窗“密码修改成功”，则修改已完成。 4.2.4 厂家方面使用的密码(初始密码) 操作员 1111 工长 2222 工艺工程师 3333 管理员 4444 14 4.3 运行模式 可通过控制系统在手动或自动模式下控制设备。自动模式是常用的运行模 式。 4.3.1 自动运行模式 自动运行模式下可对自动执行的工艺流程和工艺阶段进行划分。每个阶段的 单个步骤均可进行 仅允许有工艺开发人员或者在与其进行协商后对工艺过程进行编辑。 启动下载过的自动工艺，必须从手动运行模式切换到自动模式。 4.3.2 手动运行模式 手动运行模式下，设备的各系统都可以通过显示器手动通/断，切换或运行 4.3.']
2025-12-24 18:28:22,975 - INFO - [MainThread] - 段落i=4,长度para_len=800
2025-12-24 18:28:22,975 - INFO - [MainThread] - ************************************************************
2025-12-24 18:28:22,975 - INFO - [MainThread] - 分段id:3,存入：['过显示器手动通/断，切换或运行 4.3.3 从自动运行模式切换到手动运行模式 自动程序流程期间，可以随时切换回手动运行模式，以便例如作出手动干预。 这时候将会中断自动程序流程，并将所有参数应有值（温度、压力等等）保持为 其最后的有效值。 4.3.4 状态显示 手动模式 自动模式 15 自动模式运行 自动模式暂停 维护模式 4.3.5 运行模式预选 点击状态栏中的运行模式，弹出以下窗口 选择模式，并点击确认，将弹出提示窗，点击是则执行该操作 16 4.4 报警 4.4.1 报警消息 如果设备出现了设备故障，则报警喇叭会根据报警级别会发出不同的声音警 告信号，以提示操作员。同时控制柜上的信号柱会同时闪烁“红色”或“黄色”， 以作为可视信号。 此外，操作员还可以通过显示器上的图标“报警”识别到设备上出现了故障。 白色，无报警 黄色，有警告，只进行响铃闪灯提示 红蛇，有警报，停止自动运行，并进行相关动作 4.4.2 查看报警信息 通过点击图标“报警”将报警列表打开，如下图 17 4.4.']
2025-12-24 18:28:22,977 - INFO - [MainThread] - 段落i=5,长度para_len=734
2025-12-24 18:28:22,977 - INFO - [MainThread] - ************************************************************
2025-12-24 18:28:22,977 - INFO - [MainThread] - 分段id:4,存入：['”将报警列表打开，如下图 17 4.4.3 报警列表 ALERT1 = PLC 通讯失败 停机 ALERT2 = 中频电源通讯失败 停机 ALERT3 = 中频电源故障 停机 ALERT4 = 温控器通讯失败 停机 ALERT5 = 氢气报警1 停机 ALERT6 = 氢气报警2 停机 ALERT7 = 机械泵故障 停机 ALERT8 = 分子泵启动失败 警示 ALERT9 = 粗抽阀故障 停机 ALERT10 = 前级阀故障 停机 ALERT11 = 高阀故障 停机 ALERT12 = ALERT13 = 前门打开 停机 ALERT14 = 保压测试失败 警示 ALERT15 = 线圈抵达上限位 警示 ALERT16 = 线圈抵达下限位 警示 ALERT17 = 上盖断水 停机 ALERT18 = 石英管夹层2 断水 停机 ALERT19 = 铜屏蔽断水 停机 ALERT20 = 分子泵断水 停机 18 ALERT21 = 线圈断水 停机 ALERT22 = 变压器和水冷电缆断水 停机 ALERT23 = 石英管夹层1 断水 停机 ALERT24 = 底盖和抽气室断水 停机 ALERT25 = 气压高 停机 ALERT26 = 工艺结束 警示 ALERT27 = 呼叫时间到 警示 ALERT28 = ALERT29 = 蝶阀定位警告偏差 警示 ALERT30 = 蝶阀定位警报偏差 警示 ALERT31 = 蝶阀控压警告偏差 警示 ALERT32 = 蝶阀控压警报偏差 警示 ALERT33 = MFC1 警告偏差 警示 ALERT34 = MFC1 警报偏差 警示 ALERT35 = MFC2 警告偏差 警示 ALERT36 = MFC2 警报偏差 警示 ALERT37 = MFC3 警告偏差 警示 ALERT38 = MFC3 警报偏差 警示 ALERT39 = MFC4']
2025-12-24 18:28:22,977 - INFO - [MainThread] - 段落i=6,长度para_len=752
2025-12-24 18:28:22,977 - INFO - [MainThread] - ************************************************************
2025-12-24 18:28:22,977 - INFO - [MainThread] - 分段id:5,存入：['偏差 警示 ALERT39 = MFC4 警告偏差 警示 ALERT40 = MFC4 警报偏差 警示 ALERT41 = MFC5 警告偏差 警示 19 ALERT42 = MFC5 警报偏差 警示 ALERT43 = 加热功率警告偏差 警示 ALERT44 = 加热功率警报偏差 警示 ALERT45 = 加热温度警告偏差 警示 ALERT46 = 加热温度警报偏差 警示 ALERT47 = 加热超温 停机 ALERT48 = 腔体超压 停机 ALERT49 = 总水温进低于限定值 警示 ALERT50 = 总水温进高于限定值 停机 ALERT51 = 总水温回低于限定值 警示 ALERT52 = 总水温回高于限定值 停机 ALERT53 = 胶圈温度上低于限定值 警示 ALERT54 = 胶圈温度上高于限定值 停机 ALERT55 = 胶圈温度下低于限定值 警示 ALERT56 = 胶圈温度下高于限定值 停机 ALERT57 = 上盖及水冷上法兰水温低于限定值 警示 ALERT58 = 上盖及水冷上法兰水温高于限定值 停机 ALERT59 = 真空室及底盖水温低于限定值 警示 ALERT60 = 真空室及底盖水温高于限定值 停机 ALERT61 = 线圈及水冷电缆水温低于限定值 警示 ALERT62 = 线圈及水冷电缆水温高于限定值 停机 20 ALERT63 = 加热电源水温低于限定值 警示 ALERT64 = 加热电源水温高于限定值 停机 21 4.5 操作员呼叫 设备操作员可以通过状态栏里的“操作员呼叫”图标，在设备上调节呼叫时 间并加以激活。在呼叫时间过后，会通过信号灯柱的黄色闪光和相应铃声对设备 操作员作出可视化的提醒。 4.5.']
2025-12-24 18:28:22,978 - INFO - [MainThread] - 段落i=7,长度para_len=463
2025-12-24 18:28:22,978 - INFO - [MainThread] - ************************************************************
2025-12-24 18:28:22,978 - INFO - [MainThread] - 分段id:6,存入：['设备 操作员作出可视化的提醒。 4.5.1 启动定时呼叫功能 点击状态栏里的“操作员呼叫”图标，将弹出如下窗口 在写入时间输入框中填写时间，并点击启动，将弹出如下提示窗，点击“是” 执行当前操作 22 4.5.2 停止定时呼叫功能 当呼叫铃声响了时，“操作员呼叫”图标发生改变，如下图 此时点击该图标，弹出“定时呼叫窗口”，点击“停止”，并在弹出的提示窗 中点击“是”停止响铃，并停止定时呼叫功能次 23 4.6 工艺阶段栏 通过工艺阶段栏可以显示当前的设备工艺阶段。 各阶段被划分为 64 个可自由设定参数的步骤，并按顺序执行。在最后一个 步骤结束后，设备将自动切换到下一个工艺阶段 24 五．底部菜单栏 5.1 概览 用于显示当前设备状态 用于编辑工艺，执行工艺 用于显示加热详细信息和进行手动加热操作 用于显示线圈运动详细信息和进行手动线圈运动操作 用于显示过去1 小时内的功率记录 用于以图形形式记录和显示工艺变量 用于打开测温仪的显示界面 用于观看和修改控制参数 用于将当前报警引起的响铃停止 25 5.2 状态 点击底部菜单栏的“状态”按钮，进入如下界面 区域2 用于图示当前设备状态，并且在手动模式下可以进行操作。状态显示 如下 真空和气体阀 阀门已开 阀门已关 真空泵 泵已接通 泵已关闭 点击想要操作的图标，则会弹出提示窗，如下图，点击“是”则进行操作 26 区域3 状态栏：用于显示为设备操作员提供的补充文本消息 区域5 压力”显示栏：用于显示当前当前压力和控压阀开度 区域6 加热器显示栏：用于显示加热相关状态 区域7 “气体”显示栏：用于显示当前的气体流量 区域8 冷却水显示栏：用于显示当前的冷却水温度 区域9 生长时间显示栏：用于显示工艺持续时间 27 5.3 工艺 5.3.']
2025-12-24 18:28:22,980 - INFO - [MainThread] - 段落i=8,长度para_len=421
2025-12-24 18:28:22,980 - INFO - [MainThread] - ************************************************************
2025-12-24 18:28:22,980 - INFO - [MainThread] - 分段id:7,存入：['艺持续时间 27 5.3 工艺 5.3.1 工艺流程界面 点击底部菜单栏的“工艺”按钮，进入如下界面 区域1 是工艺流程控制显示区，整个工艺流程有“空闲”、“抽气”、“洗气”、 “控压”、“加热”、“生长”、“降温”共7 个阶段。在自动状态下点击该阶段按钮 并进行确认，即可从该阶段开始运行。 建议:不要从“抽气”之外的其他阶段或跳过某个阶段执行自动工艺，此种 行为需要判断当前情况是否允许该操作！ 区域2 是工艺执行时的相关操作区 “列表显示”按钮，用表格来显示当前工艺。 “停止”按钮，停止正在执行的工艺 “暂停”按钮，暂停正在执行的工艺， “下一步”按钮，使正在执行的工艺跳过当前步，执行下一步。 “跳转到”按钮和右面的输入框，使正在执行的工艺跳转到输入框中填入的 工艺步执行 “实时漏率”和保压时间，当正在执行的工艺步选择了“保压测试”时，显 28 示相关状态 “温度模式”框，框内是与“温度模式”相关的设定和操作 建议:尽量不要在“抽气”阶段内进行跳步，若必要，请确认当前操作是否 会对设备造成损坏（主要是分子泵）！']
2025-12-24 18:28:22,980 - INFO - [MainThread] - 段落i=9,长度para_len=721
2025-12-24 18:28:22,980 - INFO - [MainThread] - ************************************************************
2025-12-24 18:28:22,980 - INFO - [MainThread] - 分段id:8,存入：['是否 会对设备造成损坏（主要是分子泵）！ 区域3 是工艺流程编辑区 “插入”按钮，在当前选择的工艺步上面增加工艺步 “添加按钮，在当前选择的工艺步下面增加工艺步 “删除”按钮，删除当前选择的工艺步 “复制”按钮，复制当前选择的工艺步，复制成功后，按钮上会显示当前复 29 制的步号，“-”后面的数字代表当前阶段的第xx 步，“-”前面的数字表示工艺 流程阶段，如下 “1”代表“抽真空”； “2”代表“洗气” “3”代表“控压” “4”代表“加热” “5”代表“生长” “6”代表“冷却” “粘贴”按钮，将复制的工艺步替换当前选择的工艺步 “下载”按钮，将当前的工艺下载到PLC 中，点击将弹出如下提示窗，根据 需要进行相关选择 “工艺文件”按钮，点击竖线“|”右边的空白，将弹出3 个选项，“新建” 为新建工艺文件，“打开”为打开现有工艺文件，“保存”为保存当前工艺文件， “工艺文件”下面的显示框内容为当前的工艺文件名称。 30 5.3.']
2025-12-24 18:28:22,982 - INFO - [MainThread] - 段落i=10,长度para_len=677
2025-12-24 18:28:22,982 - INFO - [MainThread] - ************************************************************
2025-12-24 18:28:22,982 - INFO - [MainThread] - 分段id:9,存入：['容为当前的工艺文件名称。 30 5.3.2 工艺编辑界面 点击工艺编辑区，想要编辑的工艺步，将会进入工艺编辑页，如图所示 “步时间”表示当前步的设定时间，选择“时间”按钮生效，生效时颜色变 为绿色 “注释”输入框中可以填写当前步的注释,方便理解 “检查”分为“压力检查”、“功率检查”和“温度检查”，选择生效，当条 件达到时才会进行下一步。 “定位”选择生效，后面第一个输入框内填入相对位移，正数为向上运动， 负数为向下运动，后面第二个输入框内填入速度 “上红外控温”，选择后生效 “下红外控温”，选择后生效 “加热功率”选择后生效，后面第一个输入框内填入目标功率，后面第二个 输入框内填入时间，时间填写不为“0”时，执行斜率控制 “加热温度”选择后生效，后面第一个输入框内填入目标温度，后面第二个 输入框内填入时间，时间填写不为“0”时，执行斜率控制 “开度控制”选择后生效，后面第一个输入框内填入目标开度，后面第二个 输入框内填入时间，时间填写不为“0”时，执行斜率控制 “压力控制”选择后生效，后面第一个输入框内填入目标压力，后面第二个 输入框内填入时间，时间填写不为“0”时，执行斜率控制 “漏率设定”选择“保压测试”后生效，后面第一个输入框内填入目标漏率， 31 后面第二个输入框内填入时间，当时间到时，若实际漏率低于目标漏率，则保压 测试通过，若保压测试没通过，自动将会暂停 “系统真空”选择后生效，后面的输入框填写目标真空度，当系统真空度达 到时，才会进行下一步 “MFC”选择对应的进气阀生效，后面第一个输入框内填入目标流量，后面 第二个输入框内填入时间，时间填写不为“0”时，执行斜率控制 泵与阀图标，选择后生效 32 5.']
2025-12-24 18:28:22,984 - INFO - [MainThread] - 段落i=11,长度para_len=433
2025-12-24 18:28:22,984 - INFO - [MainThread] - ************************************************************
2025-12-24 18:28:22,984 - INFO - [MainThread] - 分段id:10,存入：['控制 泵与阀图标，选择后生效 32 5.4 加热 点击底部菜单栏的“加热”按钮，进入如下界面 左上部显示的是加热相关的各种状态，左下部进行手动的设置和操作。 “红外上”按钮，选择用上红外测温仪控温，绿色代表该状态 “红外下”按钮，选择用下红外测温仪控温，绿色代表该状态 “中频运行”按钮，启动中频电源，绿色代表该状态 “中频停止”按钮，停止中频电源，绿色代表该状态 “温度启动”按钮，启动温度模式，绿色代表该状态 “温度停止”按钮，停止温度模式，绿色代表该状态 “功率启动”按钮，启动功率模式，绿色代表该状态 “功率停止”按钮，停止功率模式，绿色代表该状态 “斜率”按钮，使用斜率控制，绿色代表该状态 33 5.5 运动 点击底部菜单栏的“运动”按钮，进入如下界面 左上部显示当前线圈运动的状态，左下部进行线圈运动的设置和操作。 “速度模式”按钮，选择用速度模式进行线圈运动 “向上移动”，选择开始向上运动 “向下运动”，选择开始向下运动 “速度”，在各模式按钮上的“速度”输入框内填写该模式的速度 “持续时间”输入框中输入速度模式运行的时间 “绝对位置模式”按钮，选择用绝对位置模式进行线圈运动 “位置”输入框中输入绝对位置模式的目标位置 “相对位置模式”按钮，选择用相对位置模式进行线圈运动 “位置”输入框中输入相对位置模式的目标位移 34 5.6 功率历史 点击底部菜单栏的“功率历史”按钮，进入如下界面 左面的表格显示过去1 小时内的功率记录，在“时间范围”后的编辑框填入 时间，点击“计算”按钮，显示计算后的“平均值”和“均方根值” 35 5.']
2025-12-24 18:28:22,985 - INFO - [MainThread] - i=12,最后一个分段,chunk_size=1<800,para_id=11,存入：['后的“平均值”和“均方根值” 35 5.7 趋势 点击底部菜单栏的“趋势”按钮，进入如下界面 选择要显示的曲线名称、范围和颜色即可显示该曲线。 “打开”按钮打开已保存的的设置 “保存”按钮保存当前的设置 “1 分钟”、“15 分钟”、“1 小时”、“6 小时”、“24 小时”、“500 小时”和“自 定义”按钮选择当前曲线的的时间跨度 36 5.8 高温计摄像头 点击底部菜单栏的“高温计摄像头”按钮，打开测温仪的软件，系统任务栏 中出现以下任务 显示该窗口，如下图选择“红外二合一”进入视频显示界面 37 5.9 控制参数 点击底部菜单栏的“控制参数”按钮，进入如下界面 点击“修改”按钮，进入修改状态，如图所示 38 选择想要修改的参数，进行修改，修改后再次点击“修改按钮”，弹出确认 窗口，选择“是” 若设置值在合理范围内，则修改生效，若设置值超出范围，则会弹出错误窗 口，此次修改不会生效 点击“恢复默认”按钮并确认会恢复默认参数 39 5.10 报警静音']
2025-12-24 18:28:22,985 - INFO - [MainThread] - 分段结束，分段落数：12
2025-12-24 18:28:22,985 - INFO - [MainThread] - 执行分块逻辑
2025-12-24 18:28:22,986 - INFO - [MainThread] - ------------------------------------------------------------
2025-12-24 18:28:22,986 - INFO - [MainThread] - 生成分块数据: {'id': 'chunk0', 'chunk': 'I 6 英寸SiC 单晶炉SJJG-400N 软件说明书 中国科学院沈阳科学仪器股份有限公司 二〇二〇年八月 II 目录 一、引言   4 二．软件和程序启动   5 三．主界面概览   6 3.1 主界面概览   6 四．状态栏   8 4.1 出口   9 4.2 用户管理   10 4.2.1 权限   10 4.2.2 用户登录   11 4.2.3 修改密码   12 4.2.4 厂家方面使用的密码(初始密码)   13 4.3 运行模式   14 4.3.1 自动运行模式   14 4.3.2 手动运行模式   14 4.3.3 从自动运行模式切换到手动运行模式   14 4.3.4 状态显示   14 4.3.5 运行模式预选   15 4.4 报警   16 4.4.1 报警消息   16 4.4.2 查看报警信息   16 4.4.3 报警列表   17 4.5 操作员呼叫   21 4.5.1 启动定时呼叫功能   21 4.5.2 停止定时呼叫功能   22 III 4.6 工艺阶段栏   23 五．底部菜单栏   24 5.1 概览   24 5.2 状态   25 5.3 工艺   27 5.3.1 工艺流程界面   27 5.3.2 工艺编辑界面   30 5.4 加热   32 5.5 运动   33 5.6 功率历史   34 5.7 趋势   35 5.8 高温计摄像头   36 5.9 控制参数   37 5.', 'method': 'semantic_chunk'}
2025-12-24 18:28:22,987 - INFO - [MainThread] - ------------------------------------------------------------
2025-12-24 18:28:22,987 - INFO - [MainThread] - 生成分块数据: {'id': 'chunk1', 'chunk': '36 5.9 控制参数   37 5.10 报警静音   39 4 一、引言 SKYAF15 控制系统具有带触摸屏的操作员界面，其可用来控制大部分设 备功能。', 'method': 'semantic_chunk'}
2025-12-24 18:28:22,987 - INFO - [MainThread] - ------------------------------------------------------------
2025-12-24 18:28:22,987 - INFO - [MainThread] - 生成分块数据: {'id': 'chunk2', 'chunk': '可通过触摸屏指定和修改工艺参数，保存工艺方案，并为其加载相应的 工艺。', 'method': 'semantic_chunk'}
2025-12-24 18:28:22,987 - INFO - [MainThread] - ------------------------------------------------------------
2025-12-24 18:28:22,987 - INFO - [MainThread] - 生成分块数据: {'id': 'chunk3', 'chunk': '可通过控制系统在手动、自动运行模式下控制设备。', 'method': 'semantic_chunk'}
2025-12-24 18:28:22,987 - INFO - [MainThread] - ------------------------------------------------------------
2025-12-24 18:28:22,987 - INFO - [MainThread] - 生成分块数据: {'id': 'chunk4', 'chunk': '自动运行模式是常 用的运行模式。', 'method': 'semantic_chunk'}
2025-12-24 18:28:22,987 - INFO - [MainThread] - ------------------------------------------------------------
2025-12-24 18:28:22,988 - INFO - [MainThread] - 生成分块数据: {'id': 'chunk5', 'chunk': '5 二．软件和程序启动 “SKYAF15”软件通过桌面界面上的文件快捷方式“SKYAF15-Shortcut”启 动。', 'method': 'semantic_chunk'}
2025-12-24 18:28:22,989 - INFO - [MainThread] - ------------------------------------------------------------
2025-12-24 18:28:22,989 - INFO - [MainThread] - 生成分块数据: {'id': 'chunk6', 'chunk': '通过双击光标启动程序 启动程序快捷方式后，显示器上将弹出程序的加载界面 加载完成，则进入主界面 主界面 6 三．主界面概览 3.1 主界面概览 1） 状态栏 含用户管理、运行模式、报警、操作员呼叫、日期和工艺阶段子菜单和状态 显示。', 'method': 'semantic_chunk'}
2025-12-24 18:28:22,989 - INFO - [MainThread] - ------------------------------------------------------------
2025-12-24 18:28:22,989 - INFO - [MainThread] - 生成分块数据: {'id': 'chunk7', 'chunk': '2） 设备的状态显示 用于图示当前设备状态。', 'method': 'semantic_chunk'}
2025-12-24 18:28:22,989 - INFO - [MainThread] - ------------------------------------------------------------
2025-12-24 18:28:22,989 - INFO - [MainThread] - 生成分块数据: {'id': 'chunk8', 'chunk': '3）状态栏 用于显示为设备操作员提供的补充文本消息。', 'method': 'semantic_chunk'}
2025-12-24 18:28:22,989 - INFO - [MainThread] - ------------------------------------------------------------
2025-12-24 18:28:22,989 - INFO - [MainThread] - 生成分块数据: {'id': 'chunk9', 'chunk': '4） “底部”菜单栏 含用于状态、工艺、加热、运动、功率历史、趋势、高温摄像头和控制参数 等的子菜单。', 'method': 'semantic_chunk'}
2025-12-24 18:28:22,989 - INFO - [MainThread] - ------------------------------------------------------------
2025-12-24 18:28:22,990 - INFO - [MainThread] - 生成分块数据: {'id': 'chunk10', 'chunk': '5）“压力”显示栏 7 用于显示当前当前压力和控压阀开度。', 'method': 'semantic_chunk'}
2025-12-24 18:28:22,990 - INFO - [MainThread] - ------------------------------------------------------------
2025-12-24 18:28:22,991 - INFO - [MainThread] - 生成分块数据: {'id': 'chunk11', 'chunk': '6） 加热器显示栏 用于显示加热相关状态。', 'method': 'semantic_chunk'}
2025-12-24 18:28:22,991 - INFO - [MainThread] - ------------------------------------------------------------
2025-12-24 18:28:22,991 - INFO - [MainThread] - 生成分块数据: {'id': 'chunk12', 'chunk': '7） “气体”显示栏 用于显示当前的气体流量。', 'method': 'semantic_chunk'}
2025-12-24 18:28:22,991 - INFO - [MainThread] - ------------------------------------------------------------
2025-12-24 18:28:22,991 - INFO - [MainThread] - 生成分块数据: {'id': 'chunk13', 'chunk': '8） 冷却水显示栏 用于显示当前的冷却水温度。', 'method': 'semantic_chunk'}
2025-12-24 18:28:22,991 - INFO - [MainThread] - ------------------------------------------------------------
2025-12-24 18:28:22,991 - INFO - [MainThread] - 生成分块数据: {'id': 'chunk14', 'chunk': '9） 生长时间显示栏 用于显示工艺持续时间。', 'method': 'semantic_chunk'}
2025-12-24 18:28:22,991 - INFO - [MainThread] - ------------------------------------------------------------
2025-12-24 18:28:22,991 - INFO - [MainThread] - 生成分块数据: {'id': 'chunk15', 'chunk': '8 四．状态栏 状态栏整体如下图 1）日期显示： 用于显示时间和日期 2）出口： 用于退出程序。', 'method': 'semantic_chunk'}
2025-12-24 18:28:22,991 - INFO - [MainThread] - ------------------------------------------------------------
2025-12-24 18:28:22,991 - INFO - [MainThread] - 生成分块数据: {'id': 'chunk16', 'chunk': '3）用户管理： 用于管理操作权限和密码，以下图标分别表示 4）运行模式： 用于运行模式“手动模式”、 “自动模式”的预选和相关状态显示。', 'method': 'semantic_chunk'}
2025-12-24 18:28:22,991 - INFO - [MainThread] - ------------------------------------------------------------
2025-12-24 18:28:22,991 - INFO - [MainThread] - 生成分块数据: {'id': 'chunk17', 'chunk': '5）报警： 用于设备故障的报告和显示及确认。', 'method': 'semantic_chunk'}
2025-12-24 18:28:22,993 - INFO - [MainThread] - ------------------------------------------------------------
2025-12-24 18:28:22,993 - INFO - [MainThread] - 生成分块数据: {'id': 'chunk18', 'chunk': '6）操作员呼叫： 用于调节和激活设备的对操作员的呼叫时间 7）工艺阶段栏： 用于显示设备的当前工艺阶段。', 'method': 'semantic_chunk'}
2025-12-24 18:28:22,993 - INFO - [MainThread] - ------------------------------------------------------------
2025-12-24 18:28:22,993 - INFO - [MainThread] - 生成分块数据: {'id': 'chunk19', 'chunk': '9 4.', 'method': 'semantic_chunk'}
2025-12-24 18:28:22,993 - INFO - [MainThread] - ------------------------------------------------------------
2025-12-24 18:28:22,993 - INFO - [MainThread] - 生成分块数据: {'id': 'chunk20', 'chunk': '用于显示设备的当前工艺阶段。', 'method': 'semantic_chunk'}
2025-12-24 18:28:22,994 - INFO - [MainThread] - ------------------------------------------------------------
2025-12-24 18:28:22,994 - INFO - [MainThread] - 生成分块数据: {'id': 'chunk21', 'chunk': '9 4.1 出口 通过“出口”图标，可以退出程序。', 'method': 'semantic_chunk'}
2025-12-24 18:28:22,994 - INFO - [MainThread] - ------------------------------------------------------------
2025-12-24 18:28:22,994 - INFO - [MainThread] - 生成分块数据: {'id': 'chunk22', 'chunk': '界面中将弹出提示窗口，窗口中将带有以下问题： 退出控制系统？ “是”的回答，则将结束程序。', 'method': 'semantic_chunk'}
2025-12-24 18:28:22,994 - INFO - [MainThread] - ------------------------------------------------------------
2025-12-24 18:28:22,994 - INFO - [MainThread] - 生成分块数据: {'id': 'chunk23', 'chunk': '“否”的回答，则将不会结束程序。', 'method': 'semantic_chunk'}
2025-12-24 18:28:22,994 - INFO - [MainThread] - ------------------------------------------------------------
2025-12-24 18:28:22,995 - INFO - [MainThread] - 生成分块数据: {'id': 'chunk24', 'chunk': '10 4.2 用户管理 通过“用户管理”图标，可以对用户权限和密码分配进行控制 4.2.1 权限 通过颜色标记，权限等级便一目了然了： 锁定（没有权限） 操作员 工长 工艺工程师 管理员 11 4.2.2 用户登录 如果没有任何用户登录，默认是锁定，点击用户管理图标进入登录窗口。', 'method': 'semantic_chunk'}
2025-12-24 18:28:22,995 - INFO - [MainThread] - ------------------------------------------------------------
2025-12-24 18:28:22,995 - INFO - [MainThread] - 生成分块数据: {'id': 'chunk25', 'chunk': '在口令中输入密码，按下登录键，密码正确则登录成功，权限图标发生改变。', 'method': 'semantic_chunk'}
2025-12-24 18:28:22,995 - INFO - [MainThread] - ------------------------------------------------------------
2025-12-24 18:28:22,995 - INFO - [MainThread] - 生成分块数据: {'id': 'chunk26', 'chunk': '若密码错误则弹出提示窗，如下图 12 4.2.3 修改密码 只有具有管理员权限方可对密码进行修改 管理员已登录，按下用户管理图标，进入用户管理界面 按下“口令修改”键，弹出窗口，如下图 13 选择要修改密码的用户，依次输入旧口令，新口令和新口令（重复）点击保 存 弹出提示窗“密码修改成功”，则修改已完成。', 'method': 'semantic_chunk'}
2025-12-24 18:28:22,995 - INFO - [MainThread] - ------------------------------------------------------------
2025-12-24 18:28:22,995 - INFO - [MainThread] - 生成分块数据: {'id': 'chunk27', 'chunk': '4.2.4 厂家方面使用的密码(初始密码) 操作员 1111 工长 2222 工艺工程师 3333 管理员 4444 14 4.3 运行模式 可通过控制系统在手动或自动模式下控制设备。', 'method': 'semantic_chunk'}
2025-12-24 18:28:22,995 - INFO - [MainThread] - ------------------------------------------------------------
2025-12-24 18:28:22,995 - INFO - [MainThread] - 生成分块数据: {'id': 'chunk28', 'chunk': '自动模式是常用的运行模 式。', 'method': 'semantic_chunk'}
2025-12-24 18:28:22,996 - INFO - [MainThread] - ------------------------------------------------------------
2025-12-24 18:28:22,996 - INFO - [MainThread] - 生成分块数据: {'id': 'chunk29', 'chunk': '4.3.1 自动运行模式 自动运行模式下可对自动执行的工艺流程和工艺阶段进行划分。', 'method': 'semantic_chunk'}
2025-12-24 18:28:22,996 - INFO - [MainThread] - ------------------------------------------------------------
2025-12-24 18:28:22,996 - INFO - [MainThread] - 生成分块数据: {'id': 'chunk30', 'chunk': '每个阶段的 单个步骤均可进行 仅允许有工艺开发人员或者在与其进行协商后对工艺过程进行编辑。', 'method': 'semantic_chunk'}
2025-12-24 18:28:22,996 - INFO - [MainThread] - ------------------------------------------------------------
2025-12-24 18:28:22,996 - INFO - [MainThread] - 生成分块数据: {'id': 'chunk31', 'chunk': '启动下载过的自动工艺，必须从手动运行模式切换到自动模式。', 'method': 'semantic_chunk'}
2025-12-24 18:28:22,996 - INFO - [MainThread] - ------------------------------------------------------------
2025-12-24 18:28:22,996 - INFO - [MainThread] - 生成分块数据: {'id': 'chunk32', 'chunk': '4.3.2 手动运行模式 手动运行模式下，设备的各系统都可以通过显示器手动通/断，切换或运行 4.3.', 'method': 'semantic_chunk'}
2025-12-24 18:28:22,996 - INFO - [MainThread] - ------------------------------------------------------------
2025-12-24 18:28:22,996 - INFO - [MainThread] - 生成分块数据: {'id': 'chunk33', 'chunk': '过显示器手动通/断，切换或运行 4.3.3 从自动运行模式切换到手动运行模式 自动程序流程期间，可以随时切换回手动运行模式，以便例如作出手动干预。', 'method': 'semantic_chunk'}
2025-12-24 18:28:22,996 - INFO - [MainThread] - ------------------------------------------------------------
2025-12-24 18:28:22,996 - INFO - [MainThread] - 生成分块数据: {'id': 'chunk34', 'chunk': '这时候将会中断自动程序流程，并将所有参数应有值（温度、压力等等）保持为 其最后的有效值。', 'method': 'semantic_chunk'}
2025-12-24 18:28:22,997 - INFO - [MainThread] - ------------------------------------------------------------
2025-12-24 18:28:22,997 - INFO - [MainThread] - 生成分块数据: {'id': 'chunk35', 'chunk': '4.3.4 状态显示 手动模式 自动模式 15 自动模式运行 自动模式暂停 维护模式 4.3.5 运行模式预选 点击状态栏中的运行模式，弹出以下窗口 选择模式，并点击确认，将弹出提示窗，点击是则执行该操作 16 4.4 报警 4.4.1 报警消息 如果设备出现了设备故障，则报警喇叭会根据报警级别会发出不同的声音警 告信号，以提示操作员。', 'method': 'semantic_chunk'}
2025-12-24 18:28:22,997 - INFO - [MainThread] - ------------------------------------------------------------
2025-12-24 18:28:22,997 - INFO - [MainThread] - 生成分块数据: {'id': 'chunk36', 'chunk': '同时控制柜上的信号柱会同时闪烁“红色”或“黄色”， 以作为可视信号。', 'method': 'semantic_chunk'}
2025-12-24 18:28:22,997 - INFO - [MainThread] - ------------------------------------------------------------
2025-12-24 18:28:22,997 - INFO - [MainThread] - 生成分块数据: {'id': 'chunk37', 'chunk': '此外，操作员还可以通过显示器上的图标“报警”识别到设备上出现了故障。', 'method': 'semantic_chunk'}
2025-12-24 18:28:22,997 - INFO - [MainThread] - ------------------------------------------------------------
2025-12-24 18:28:22,997 - INFO - [MainThread] - 生成分块数据: {'id': 'chunk38', 'chunk': '白色，无报警 黄色，有警告，只进行响铃闪灯提示 红蛇，有警报，停止自动运行，并进行相关动作 4.4.2 查看报警信息 通过点击图标“报警”将报警列表打开，如下图 17 4.4.', 'method': 'semantic_chunk'}
2025-12-24 18:28:22,997 - INFO - [MainThread] - ------------------------------------------------------------
2025-12-24 18:28:22,997 - INFO - [MainThread] - 生成分块数据: {'id': 'chunk39', 'chunk': '”将报警列表打开，如下图 17 4.4.3 报警列表 ALERT1 = PLC 通讯失败 停机 ALERT2 = 中频电源通讯失败 停机 ALERT3 = 中频电源故障 停机 ALERT4 = 温控器通讯失败 停机 ALERT5 = 氢气报警1 停机 ALERT6 = 氢气报警2 停机 ALERT7 = 机械泵故障 停机 ALERT8 = 分子泵启动失败 警示 ALERT9 = 粗抽阀故障 停机 ALERT10 = 前级阀故障 停机 ALERT11 = 高阀故障 停机 ALERT12 = ALERT13 = 前门打开 停机 ALERT14 = 保压测试失败 警示 ALERT15 = 线圈抵达上限位 警示 ALERT16 = 线圈抵达下限位 警示 ALERT17 = 上盖断水 停机 ALERT18 = 石英管夹层2 断水 停机 ALERT19 = 铜屏蔽断水 停机 ALERT20 = 分子泵断水 停机 18 ALERT21 = 线圈断水 停机 ALERT22 = 变压器和水冷电缆断水 停机 ALERT23 = 石英管夹层1 断水 停机 ALERT24 = 底盖和抽气室断水 停机 ALERT25 = 气压高 停机 ALERT26 = 工艺结束 警示 ALERT27 = 呼叫时间到 警示 ALERT28 = ALERT29 = 蝶阀定位警告偏差 警示 ALERT30 = 蝶阀定位警报偏差 警示 ALERT31 = 蝶阀控压警告偏差 警示 ALERT32 = 蝶阀控压警报偏差 警示 ALERT33 = MFC1 警告偏差 警示 ALERT34 = MFC1 警报偏差 警示 ALERT35 = MFC2 警告偏差 警示 ALERT36 = MFC2 警报偏差 警示 ALERT37 = MFC3 警告偏差 警示 ALERT38 = MFC3 警报偏差 警示 ALERT39 = MFC4', 'method': 'semantic_chunk'}
2025-12-24 18:28:22,999 - INFO - [MainThread] - ------------------------------------------------------------
2025-12-24 18:28:22,999 - INFO - [MainThread] - 生成分块数据: {'id': 'chunk40', 'chunk': '偏差 警示 ALERT39 = MFC4 警告偏差 警示 ALERT40 = MFC4 警报偏差 警示 ALERT41 = MFC5 警告偏差 警示 19 ALERT42 = MFC5 警报偏差 警示 ALERT43 = 加热功率警告偏差 警示 ALERT44 = 加热功率警报偏差 警示 ALERT45 = 加热温度警告偏差 警示 ALERT46 = 加热温度警报偏差 警示 ALERT47 = 加热超温 停机 ALERT48 = 腔体超压 停机 ALERT49 = 总水温进低于限定值 警示 ALERT50 = 总水温进高于限定值 停机 ALERT51 = 总水温回低于限定值 警示 ALERT52 = 总水温回高于限定值 停机 ALERT53 = 胶圈温度上低于限定值 警示 ALERT54 = 胶圈温度上高于限定值 停机 ALERT55 = 胶圈温度下低于限定值 警示 ALERT56 = 胶圈温度下高于限定值 停机 ALERT57 = 上盖及水冷上法兰水温低于限定值 警示 ALERT58 = 上盖及水冷上法兰水温高于限定值 停机 ALERT59 = 真空室及底盖水温低于限定值 警示 ALERT60 = 真空室及底盖水温高于限定值 停机 ALERT61 = 线圈及水冷电缆水温低于限定值 警示 ALERT62 = 线圈及水冷电缆水温高于限定值 停机 20 ALERT63 = 加热电源水温低于限定值 警示 ALERT64 = 加热电源水温高于限定值 停机 21 4.5 操作员呼叫 设备操作员可以通过状态栏里的“操作员呼叫”图标，在设备上调节呼叫时 间并加以激活。', 'method': 'semantic_chunk'}
2025-12-24 18:28:23,000 - INFO - [MainThread] - ------------------------------------------------------------
2025-12-24 18:28:23,000 - INFO - [MainThread] - 生成分块数据: {'id': 'chunk41', 'chunk': '在呼叫时间过后，会通过信号灯柱的黄色闪光和相应铃声对设备 操作员作出可视化的提醒。', 'method': 'semantic_chunk'}
2025-12-24 18:28:23,000 - INFO - [MainThread] - ------------------------------------------------------------
2025-12-24 18:28:23,000 - INFO - [MainThread] - 生成分块数据: {'id': 'chunk42', 'chunk': '4.5.', 'method': 'semantic_chunk'}
2025-12-24 18:28:23,000 - INFO - [MainThread] - ------------------------------------------------------------
2025-12-24 18:28:23,000 - INFO - [MainThread] - 生成分块数据: {'id': 'chunk43', 'chunk': '设备 操作员作出可视化的提醒。', 'method': 'semantic_chunk'}
2025-12-24 18:28:23,000 - INFO - [MainThread] - ------------------------------------------------------------
2025-12-24 18:28:23,000 - INFO - [MainThread] - 生成分块数据: {'id': 'chunk44', 'chunk': '4.5.1 启动定时呼叫功能 点击状态栏里的“操作员呼叫”图标，将弹出如下窗口 在写入时间输入框中填写时间，并点击启动，将弹出如下提示窗，点击“是” 执行当前操作 22 4.5.2 停止定时呼叫功能 当呼叫铃声响了时，“操作员呼叫”图标发生改变，如下图 此时点击该图标，弹出“定时呼叫窗口”，点击“停止”，并在弹出的提示窗 中点击“是”停止响铃，并停止定时呼叫功能次 23 4.6 工艺阶段栏 通过工艺阶段栏可以显示当前的设备工艺阶段。', 'method': 'semantic_chunk'}
2025-12-24 18:28:23,001 - INFO - [MainThread] - ------------------------------------------------------------
2025-12-24 18:28:23,001 - INFO - [MainThread] - 生成分块数据: {'id': 'chunk45', 'chunk': '各阶段被划分为 64 个可自由设定参数的步骤，并按顺序执行。', 'method': 'semantic_chunk'}
2025-12-24 18:28:23,001 - INFO - [MainThread] - ------------------------------------------------------------
2025-12-24 18:28:23,002 - INFO - [MainThread] - 生成分块数据: {'id': 'chunk46', 'chunk': '在最后一个 步骤结束后，设备将自动切换到下一个工艺阶段 24 五．底部菜单栏 5.1 概览 用于显示当前设备状态 用于编辑工艺，执行工艺 用于显示加热详细信息和进行手动加热操作 用于显示线圈运动详细信息和进行手动线圈运动操作 用于显示过去1 小时内的功率记录 用于以图形形式记录和显示工艺变量 用于打开测温仪的显示界面 用于观看和修改控制参数 用于将当前报警引起的响铃停止 25 5.2 状态 点击底部菜单栏的“状态”按钮，进入如下界面 区域2 用于图示当前设备状态，并且在手动模式下可以进行操作。', 'method': 'semantic_chunk'}
2025-12-24 18:28:23,002 - INFO - [MainThread] - ------------------------------------------------------------
2025-12-24 18:28:23,002 - INFO - [MainThread] - 生成分块数据: {'id': 'chunk47', 'chunk': '状态显示 如下 真空和气体阀 阀门已开 阀门已关 真空泵 泵已接通 泵已关闭 点击想要操作的图标，则会弹出提示窗，如下图，点击“是”则进行操作 26 区域3 状态栏：用于显示为设备操作员提供的补充文本消息 区域5 压力”显示栏：用于显示当前当前压力和控压阀开度 区域6 加热器显示栏：用于显示加热相关状态 区域7 “气体”显示栏：用于显示当前的气体流量 区域8 冷却水显示栏：用于显示当前的冷却水温度 区域9 生长时间显示栏：用于显示工艺持续时间 27 5.3 工艺 5.3.', 'method': 'semantic_chunk'}
2025-12-24 18:28:23,002 - INFO - [MainThread] - ------------------------------------------------------------
2025-12-24 18:28:23,002 - INFO - [MainThread] - 生成分块数据: {'id': 'chunk48', 'chunk': '艺持续时间 27 5.3 工艺 5.3.1 工艺流程界面 点击底部菜单栏的“工艺”按钮，进入如下界面 区域1 是工艺流程控制显示区，整个工艺流程有“空闲”、“抽气”、“洗气”、 “控压”、“加热”、“生长”、“降温”共7 个阶段。', 'method': 'semantic_chunk'}
2025-12-24 18:28:23,004 - INFO - [MainThread] - ------------------------------------------------------------
2025-12-24 18:28:23,004 - INFO - [MainThread] - 生成分块数据: {'id': 'chunk49', 'chunk': '在自动状态下点击该阶段按钮 并进行确认，即可从该阶段开始运行。', 'method': 'semantic_chunk'}
2025-12-24 18:28:23,004 - INFO - [MainThread] - ------------------------------------------------------------
2025-12-24 18:28:23,004 - INFO - [MainThread] - 生成分块数据: {'id': 'chunk50', 'chunk': '建议:不要从“抽气”之外的其他阶段或跳过某个阶段执行自动工艺，此种 行为需要判断当前情况是否允许该操作！ 区域2 是工艺执行时的相关操作区 “列表显示”按钮，用表格来显示当前工艺。', 'method': 'semantic_chunk'}
2025-12-24 18:28:23,004 - INFO - [MainThread] - ------------------------------------------------------------
2025-12-24 18:28:23,004 - INFO - [MainThread] - 生成分块数据: {'id': 'chunk51', 'chunk': '“停止”按钮，停止正在执行的工艺 “暂停”按钮，暂停正在执行的工艺， “下一步”按钮，使正在执行的工艺跳过当前步，执行下一步。', 'method': 'semantic_chunk'}
2025-12-24 18:28:23,004 - INFO - [MainThread] - ------------------------------------------------------------
2025-12-24 18:28:23,004 - INFO - [MainThread] - 生成分块数据: {'id': 'chunk52', 'chunk': '“跳转到”按钮和右面的输入框，使正在执行的工艺跳转到输入框中填入的 工艺步执行 “实时漏率”和保压时间，当正在执行的工艺步选择了“保压测试”时，显 28 示相关状态 “温度模式”框，框内是与“温度模式”相关的设定和操作 建议:尽量不要在“抽气”阶段内进行跳步，若必要，请确认当前操作是否 会对设备造成损坏（主要是分子泵）！', 'method': 'semantic_chunk'}
2025-12-24 18:28:23,004 - INFO - [MainThread] - ------------------------------------------------------------
2025-12-24 18:28:23,004 - INFO - [MainThread] - 生成分块数据: {'id': 'chunk53', 'chunk': '是否 会对设备造成损坏（主要是分子泵）！ 区域3 是工艺流程编辑区 “插入”按钮，在当前选择的工艺步上面增加工艺步 “添加按钮，在当前选择的工艺步下面增加工艺步 “删除”按钮，删除当前选择的工艺步 “复制”按钮，复制当前选择的工艺步，复制成功后，按钮上会显示当前复 29 制的步号，“-”后面的数字代表当前阶段的第xx 步，“-”前面的数字表示工艺 流程阶段，如下 “1”代表“抽真空”；', 'method': 'semantic_chunk'}
2025-12-24 18:28:23,006 - INFO - [MainThread] - ------------------------------------------------------------
2025-12-24 18:28:23,006 - INFO - [MainThread] - 生成分块数据: {'id': 'chunk54', 'chunk': '“2”代表“洗气” “3”代表“控压” “4”代表“加热” “5”代表“生长” “6”代表“冷却” “粘贴”按钮，将复制的工艺步替换当前选择的工艺步 “下载”按钮，将当前的工艺下载到PLC 中，点击将弹出如下提示窗，根据 需要进行相关选择 “工艺文件”按钮，点击竖线“|”右边的空白，将弹出3 个选项，“新建” 为新建工艺文件，“打开”为打开现有工艺文件，“保存”为保存当前工艺文件， “工艺文件”下面的显示框内容为当前的工艺文件名称。', 'method': 'semantic_chunk'}
2025-12-24 18:28:23,006 - INFO - [MainThread] - ------------------------------------------------------------
2025-12-24 18:28:23,006 - INFO - [MainThread] - 生成分块数据: {'id': 'chunk55', 'chunk': '30 5.3.', 'method': 'semantic_chunk'}
2025-12-24 18:28:23,006 - INFO - [MainThread] - ------------------------------------------------------------
2025-12-24 18:28:23,006 - INFO - [MainThread] - 生成分块数据: {'id': 'chunk56', 'chunk': '容为当前的工艺文件名称。', 'method': 'semantic_chunk'}
2025-12-24 18:28:23,007 - INFO - [MainThread] - ------------------------------------------------------------
2025-12-24 18:28:23,007 - INFO - [MainThread] - 生成分块数据: {'id': 'chunk57', 'chunk': '30 5.3.2 工艺编辑界面 点击工艺编辑区，想要编辑的工艺步，将会进入工艺编辑页，如图所示 “步时间”表示当前步的设定时间，选择“时间”按钮生效，生效时颜色变 为绿色 “注释”输入框中可以填写当前步的注释,方便理解 “检查”分为“压力检查”、“功率检查”和“温度检查”，选择生效，当条 件达到时才会进行下一步。', 'method': 'semantic_chunk'}
2025-12-24 18:28:23,008 - INFO - [MainThread] - ------------------------------------------------------------
2025-12-24 18:28:23,008 - INFO - [MainThread] - 生成分块数据: {'id': 'chunk58', 'chunk': '“定位”选择生效，后面第一个输入框内填入相对位移，正数为向上运动， 负数为向下运动，后面第二个输入框内填入速度 “上红外控温”，选择后生效 “下红外控温”，选择后生效 “加热功率”选择后生效，后面第一个输入框内填入目标功率，后面第二个 输入框内填入时间，时间填写不为“0”时，执行斜率控制 “加热温度”选择后生效，后面第一个输入框内填入目标温度，后面第二个 输入框内填入时间，时间填写不为“0”时，执行斜率控制 “开度控制”选择后生效，后面第一个输入框内填入目标开度，后面第二个 输入框内填入时间，时间填写不为“0”时，执行斜率控制 “压力控制”选择后生效，后面第一个输入框内填入目标压力，后面第二个 输入框内填入时间，时间填写不为“0”时，执行斜率控制 “漏率设定”选择“保压测试”后生效，后面第一个输入框内填入目标漏率， 31 后面第二个输入框内填入时间，当时间到时，若实际漏率低于目标漏率，则保压 测试通过，若保压测试没通过，自动将会暂停 “系统真空”选择后生效，后面的输入框填写目标真空度，当系统真空度达 到时，才会进行下一步 “MFC”选择对应的进气阀生效，后面第一个输入框内填入目标流量，后面 第二个输入框内填入时间，时间填写不为“0”时，执行斜率控制 泵与阀图标，选择后生效 32 5.', 'method': 'semantic_chunk'}
2025-12-24 18:28:23,010 - INFO - [MainThread] - ------------------------------------------------------------
2025-12-24 18:28:23,010 - INFO - [MainThread] - 生成分块数据: {'id': 'chunk59', 'chunk': '控制 泵与阀图标，选择后生效 32 5.4 加热 点击底部菜单栏的“加热”按钮，进入如下界面 左上部显示的是加热相关的各种状态，左下部进行手动的设置和操作。', 'method': 'semantic_chunk'}
2025-12-24 18:28:23,010 - INFO - [MainThread] - ------------------------------------------------------------
2025-12-24 18:28:23,010 - INFO - [MainThread] - 生成分块数据: {'id': 'chunk60', 'chunk': '“红外上”按钮，选择用上红外测温仪控温，绿色代表该状态 “红外下”按钮，选择用下红外测温仪控温，绿色代表该状态 “中频运行”按钮，启动中频电源，绿色代表该状态 “中频停止”按钮，停止中频电源，绿色代表该状态 “温度启动”按钮，启动温度模式，绿色代表该状态 “温度停止”按钮，停止温度模式，绿色代表该状态 “功率启动”按钮，启动功率模式，绿色代表该状态 “功率停止”按钮，停止功率模式，绿色代表该状态 “斜率”按钮，使用斜率控制，绿色代表该状态 33 5.5 运动 点击底部菜单栏的“运动”按钮，进入如下界面 左上部显示当前线圈运动的状态，左下部进行线圈运动的设置和操作。', 'method': 'semantic_chunk'}
2025-12-24 18:28:23,010 - INFO - [MainThread] - ------------------------------------------------------------
2025-12-24 18:28:23,010 - INFO - [MainThread] - 生成分块数据: {'id': 'chunk61', 'chunk': '“速度模式”按钮，选择用速度模式进行线圈运动 “向上移动”，选择开始向上运动 “向下运动”，选择开始向下运动 “速度”，在各模式按钮上的“速度”输入框内填写该模式的速度 “持续时间”输入框中输入速度模式运行的时间 “绝对位置模式”按钮，选择用绝对位置模式进行线圈运动 “位置”输入框中输入绝对位置模式的目标位置 “相对位置模式”按钮，选择用相对位置模式进行线圈运动 “位置”输入框中输入相对位置模式的目标位移 34 5.6 功率历史 点击底部菜单栏的“功率历史”按钮，进入如下界面 左面的表格显示过去1 小时内的功率记录，在“时间范围”后的编辑框填入 时间，点击“计算”按钮，显示计算后的“平均值”和“均方根值” 35 5.', 'method': 'semantic_chunk'}
2025-12-24 18:28:23,012 - INFO - [MainThread] - ------------------------------------------------------------
2025-12-24 18:28:23,012 - INFO - [MainThread] - 生成分块数据: {'id': 'chunk62', 'chunk': '后的“平均值”和“均方根值” 35 5.7 趋势 点击底部菜单栏的“趋势”按钮，进入如下界面 选择要显示的曲线名称、范围和颜色即可显示该曲线。', 'method': 'semantic_chunk'}
2025-12-24 18:28:23,012 - INFO - [MainThread] - ------------------------------------------------------------
2025-12-24 18:28:23,012 - INFO - [MainThread] - 生成分块数据: {'id': 'chunk63', 'chunk': '“打开”按钮打开已保存的的设置 “保存”按钮保存当前的设置 “1 分钟”、“15 分钟”、“1 小时”、“6 小时”、“24 小时”、“500 小时”和“自 定义”按钮选择当前曲线的的时间跨度 36 5.8 高温计摄像头 点击底部菜单栏的“高温计摄像头”按钮，打开测温仪的软件，系统任务栏 中出现以下任务 显示该窗口，如下图选择“红外二合一”进入视频显示界面 37 5.9 控制参数 点击底部菜单栏的“控制参数”按钮，进入如下界面 点击“修改”按钮，进入修改状态，如图所示 38 选择想要修改的参数，进行修改，修改后再次点击“修改按钮”，弹出确认 窗口，选择“是” 若设置值在合理范围内，则修改生效，若设置值超出范围，则会弹出错误窗 口，此次修改不会生效 点击“恢复默认”按钮并确认会恢复默认参数 39 5.10 报警静音', 'method': 'semantic_chunk'}
2025-12-24 18:28:28,443 - INFO - [MainThread] - Retrying request to /embeddings in 0.454786 seconds
2025-12-24 18:28:33,942 - INFO - [MainThread] - Retrying request to /embeddings in 0.945295 seconds
2025-12-24 18:28:59,887 - INFO - [MainThread] - ============================================================
2025-12-24 18:28:59,887 - INFO - [MainThread] - 执行分段逻辑
2025-12-24 18:28:59,888 - INFO - [MainThread] - 没有明显的段落分隔符，按长度分段
2025-12-24 18:28:59,888 - INFO - [MainThread] - 段落数：12
2025-12-24 18:28:59,888 - INFO - [MainThread] - 段落i=0,长度para_len=633
2025-12-24 18:28:59,888 - INFO - [MainThread] - 段落长度小于等于chunk_size=800，直接加入段落列表
2025-12-24 18:28:59,888 - INFO - [MainThread] - 段落i=1,长度para_len=756
2025-12-24 18:28:59,888 - INFO - [MainThread] - ************************************************************
2025-12-24 18:28:59,888 - INFO - [MainThread] - 分段id:0,存入：['I 6 英寸SiC 单晶炉SJJG-400N 软件说明书 中国科学院沈阳科学仪器股份有限公司 二〇二〇年八月 II 目录 一、引言   4 二．软件和程序启动   5 三．主界面概览   6 3.1 主界面概览   6 四．状态栏   8 4.1 出口   9 4.2 用户管理   10 4.2.1 权限   10 4.2.2 用户登录   11 4.2.3 修改密码   12 4.2.4 厂家方面使用的密码(初始密码)   13 4.3 运行模式   14 4.3.1 自动运行模式   14 4.3.2 手动运行模式   14 4.3.3 从自动运行模式切换到手动运行模式   14 4.3.4 状态显示   14 4.3.5 运行模式预选   15 4.4 报警   16 4.4.1 报警消息   16 4.4.2 查看报警信息   16 4.4.3 报警列表   17 4.5 操作员呼叫   21 4.5.1 启动定时呼叫功能   21 4.5.2 停止定时呼叫功能   22 III 4.6 工艺阶段栏   23 五．底部菜单栏   24 5.1 概览   24 5.2 状态   25 5.3 工艺   27 5.3.1 工艺流程界面   27 5.3.2 工艺编辑界面   30 5.4 加热   32 5.5 运动   33 5.6 功率历史   34 5.7 趋势   35 5.8 高温计摄像头   36 5.9 控制参数   37 5.']
2025-12-24 18:28:59,888 - INFO - [MainThread] - 段落i=2,长度para_len=708
2025-12-24 18:28:59,889 - INFO - [MainThread] - ************************************************************
2025-12-24 18:28:59,889 - INFO - [MainThread] - 分段id:1,存入：['36 5.9 控制参数   37 5.10 报警静音   39 4 一、引言 SKYAF15 控制系统具有带触摸屏的操作员界面，其可用来控制大部分设 备功能。 可通过触摸屏指定和修改工艺参数，保存工艺方案，并为其加载相应的 工艺。 可通过控制系统在手动、自动运行模式下控制设备。自动运行模式是常 用的运行模式。 5 二．软件和程序启动 “SKYAF15”软件通过桌面界面上的文件快捷方式“SKYAF15-Shortcut”启 动。 通过双击光标启动程序 启动程序快捷方式后，显示器上将弹出程序的加载界面 加载完成，则进入主界面 主界面 6 三．主界面概览 3.1 主界面概览 1） 状态栏 含用户管理、运行模式、报警、操作员呼叫、日期和工艺阶段子菜单和状态 显示。 2） 设备的状态显示 用于图示当前设备状态。 3）状态栏 用于显示为设备操作员提供的补充文本消息。 4） “底部”菜单栏 含用于状态、工艺、加热、运动、功率历史、趋势、高温摄像头和控制参数 等的子菜单。 5）“压力”显示栏 7 用于显示当前当前压力和控压阀开度。 6） 加热器显示栏 用于显示加热相关状态。 7） “气体”显示栏 用于显示当前的气体流量。 8） 冷却水显示栏 用于显示当前的冷却水温度。 9） 生长时间显示栏 用于显示工艺持续时间。 8 四．状态栏 状态栏整体如下图 1）日期显示： 用于显示时间和日期 2）出口： 用于退出程序。 3）用户管理： 用于管理操作权限和密码，以下图标分别表示 4）运行模式： 用于运行模式“手动模式”、 “自动模式”的预选和相关状态显示。 5）报警： 用于设备故障的报告和显示及确认。 6）操作员呼叫： 用于调节和激活设备的对操作员的呼叫时间 7）工艺阶段栏： 用于显示设备的当前工艺阶段。 9 4.']
2025-12-24 18:28:59,889 - INFO - [MainThread] - 段落i=3,长度para_len=446
2025-12-24 18:28:59,891 - INFO - [MainThread] - ************************************************************
2025-12-24 18:28:59,891 - INFO - [MainThread] - 分段id:2,存入：['用于显示设备的当前工艺阶段。 9 4.1 出口 通过“出口”图标，可以退出程序。 界面中将弹出提示窗口，窗口中将带有以下问题： 退出控制系统？ “是”的回答，则将结束程序。 “否”的回答，则将不会结束程序。 10 4.2 用户管理 通过“用户管理”图标，可以对用户权限和密码分配进行控制 4.2.1 权限 通过颜色标记，权限等级便一目了然了： 锁定（没有权限） 操作员 工长 工艺工程师 管理员 11 4.2.2 用户登录 如果没有任何用户登录，默认是锁定，点击用户管理图标进入登录窗口。 在口令中输入密码，按下登录键，密码正确则登录成功，权限图标发生改变。 若密码错误则弹出提示窗，如下图 12 4.2.3 修改密码 只有具有管理员权限方可对密码进行修改 管理员已登录，按下用户管理图标，进入用户管理界面 按下“口令修改”键，弹出窗口，如下图 13 选择要修改密码的用户，依次输入旧口令，新口令和新口令（重复）点击保 存 弹出提示窗“密码修改成功”，则修改已完成。 4.2.4 厂家方面使用的密码(初始密码) 操作员 1111 工长 2222 工艺工程师 3333 管理员 4444 14 4.3 运行模式 可通过控制系统在手动或自动模式下控制设备。自动模式是常用的运行模 式。 4.3.1 自动运行模式 自动运行模式下可对自动执行的工艺流程和工艺阶段进行划分。每个阶段的 单个步骤均可进行 仅允许有工艺开发人员或者在与其进行协商后对工艺过程进行编辑。 启动下载过的自动工艺，必须从手动运行模式切换到自动模式。 4.3.2 手动运行模式 手动运行模式下，设备的各系统都可以通过显示器手动通/断，切换或运行 4.3.']
2025-12-24 18:28:59,892 - INFO - [MainThread] - 段落i=4,长度para_len=800
2025-12-24 18:28:59,892 - INFO - [MainThread] - ************************************************************
2025-12-24 18:28:59,892 - INFO - [MainThread] - 分段id:3,存入：['过显示器手动通/断，切换或运行 4.3.3 从自动运行模式切换到手动运行模式 自动程序流程期间，可以随时切换回手动运行模式，以便例如作出手动干预。 这时候将会中断自动程序流程，并将所有参数应有值（温度、压力等等）保持为 其最后的有效值。 4.3.4 状态显示 手动模式 自动模式 15 自动模式运行 自动模式暂停 维护模式 4.3.5 运行模式预选 点击状态栏中的运行模式，弹出以下窗口 选择模式，并点击确认，将弹出提示窗，点击是则执行该操作 16 4.4 报警 4.4.1 报警消息 如果设备出现了设备故障，则报警喇叭会根据报警级别会发出不同的声音警 告信号，以提示操作员。同时控制柜上的信号柱会同时闪烁“红色”或“黄色”， 以作为可视信号。 此外，操作员还可以通过显示器上的图标“报警”识别到设备上出现了故障。 白色，无报警 黄色，有警告，只进行响铃闪灯提示 红蛇，有警报，停止自动运行，并进行相关动作 4.4.2 查看报警信息 通过点击图标“报警”将报警列表打开，如下图 17 4.4.']
2025-12-24 18:28:59,892 - INFO - [MainThread] - 段落i=5,长度para_len=734
2025-12-24 18:28:59,892 - INFO - [MainThread] - ************************************************************
2025-12-24 18:28:59,892 - INFO - [MainThread] - 分段id:4,存入：['”将报警列表打开，如下图 17 4.4.3 报警列表 ALERT1 = PLC 通讯失败 停机 ALERT2 = 中频电源通讯失败 停机 ALERT3 = 中频电源故障 停机 ALERT4 = 温控器通讯失败 停机 ALERT5 = 氢气报警1 停机 ALERT6 = 氢气报警2 停机 ALERT7 = 机械泵故障 停机 ALERT8 = 分子泵启动失败 警示 ALERT9 = 粗抽阀故障 停机 ALERT10 = 前级阀故障 停机 ALERT11 = 高阀故障 停机 ALERT12 = ALERT13 = 前门打开 停机 ALERT14 = 保压测试失败 警示 ALERT15 = 线圈抵达上限位 警示 ALERT16 = 线圈抵达下限位 警示 ALERT17 = 上盖断水 停机 ALERT18 = 石英管夹层2 断水 停机 ALERT19 = 铜屏蔽断水 停机 ALERT20 = 分子泵断水 停机 18 ALERT21 = 线圈断水 停机 ALERT22 = 变压器和水冷电缆断水 停机 ALERT23 = 石英管夹层1 断水 停机 ALERT24 = 底盖和抽气室断水 停机 ALERT25 = 气压高 停机 ALERT26 = 工艺结束 警示 ALERT27 = 呼叫时间到 警示 ALERT28 = ALERT29 = 蝶阀定位警告偏差 警示 ALERT30 = 蝶阀定位警报偏差 警示 ALERT31 = 蝶阀控压警告偏差 警示 ALERT32 = 蝶阀控压警报偏差 警示 ALERT33 = MFC1 警告偏差 警示 ALERT34 = MFC1 警报偏差 警示 ALERT35 = MFC2 警告偏差 警示 ALERT36 = MFC2 警报偏差 警示 ALERT37 = MFC3 警告偏差 警示 ALERT38 = MFC3 警报偏差 警示 ALERT39 = MFC4']
2025-12-24 18:28:59,894 - INFO - [MainThread] - 段落i=6,长度para_len=752
2025-12-24 18:28:59,894 - INFO - [MainThread] - ************************************************************
2025-12-24 18:28:59,894 - INFO - [MainThread] - 分段id:5,存入：['偏差 警示 ALERT39 = MFC4 警告偏差 警示 ALERT40 = MFC4 警报偏差 警示 ALERT41 = MFC5 警告偏差 警示 19 ALERT42 = MFC5 警报偏差 警示 ALERT43 = 加热功率警告偏差 警示 ALERT44 = 加热功率警报偏差 警示 ALERT45 = 加热温度警告偏差 警示 ALERT46 = 加热温度警报偏差 警示 ALERT47 = 加热超温 停机 ALERT48 = 腔体超压 停机 ALERT49 = 总水温进低于限定值 警示 ALERT50 = 总水温进高于限定值 停机 ALERT51 = 总水温回低于限定值 警示 ALERT52 = 总水温回高于限定值 停机 ALERT53 = 胶圈温度上低于限定值 警示 ALERT54 = 胶圈温度上高于限定值 停机 ALERT55 = 胶圈温度下低于限定值 警示 ALERT56 = 胶圈温度下高于限定值 停机 ALERT57 = 上盖及水冷上法兰水温低于限定值 警示 ALERT58 = 上盖及水冷上法兰水温高于限定值 停机 ALERT59 = 真空室及底盖水温低于限定值 警示 ALERT60 = 真空室及底盖水温高于限定值 停机 ALERT61 = 线圈及水冷电缆水温低于限定值 警示 ALERT62 = 线圈及水冷电缆水温高于限定值 停机 20 ALERT63 = 加热电源水温低于限定值 警示 ALERT64 = 加热电源水温高于限定值 停机 21 4.5 操作员呼叫 设备操作员可以通过状态栏里的“操作员呼叫”图标，在设备上调节呼叫时 间并加以激活。在呼叫时间过后，会通过信号灯柱的黄色闪光和相应铃声对设备 操作员作出可视化的提醒。 4.5.']
2025-12-24 18:28:59,895 - INFO - [MainThread] - 段落i=7,长度para_len=463
2025-12-24 18:28:59,895 - INFO - [MainThread] - ************************************************************
2025-12-24 18:28:59,895 - INFO - [MainThread] - 分段id:6,存入：['设备 操作员作出可视化的提醒。 4.5.1 启动定时呼叫功能 点击状态栏里的“操作员呼叫”图标，将弹出如下窗口 在写入时间输入框中填写时间，并点击启动，将弹出如下提示窗，点击“是” 执行当前操作 22 4.5.2 停止定时呼叫功能 当呼叫铃声响了时，“操作员呼叫”图标发生改变，如下图 此时点击该图标，弹出“定时呼叫窗口”，点击“停止”，并在弹出的提示窗 中点击“是”停止响铃，并停止定时呼叫功能次 23 4.6 工艺阶段栏 通过工艺阶段栏可以显示当前的设备工艺阶段。 各阶段被划分为 64 个可自由设定参数的步骤，并按顺序执行。在最后一个 步骤结束后，设备将自动切换到下一个工艺阶段 24 五．底部菜单栏 5.1 概览 用于显示当前设备状态 用于编辑工艺，执行工艺 用于显示加热详细信息和进行手动加热操作 用于显示线圈运动详细信息和进行手动线圈运动操作 用于显示过去1 小时内的功率记录 用于以图形形式记录和显示工艺变量 用于打开测温仪的显示界面 用于观看和修改控制参数 用于将当前报警引起的响铃停止 25 5.2 状态 点击底部菜单栏的“状态”按钮，进入如下界面 区域2 用于图示当前设备状态，并且在手动模式下可以进行操作。状态显示 如下 真空和气体阀 阀门已开 阀门已关 真空泵 泵已接通 泵已关闭 点击想要操作的图标，则会弹出提示窗，如下图，点击“是”则进行操作 26 区域3 状态栏：用于显示为设备操作员提供的补充文本消息 区域5 压力”显示栏：用于显示当前当前压力和控压阀开度 区域6 加热器显示栏：用于显示加热相关状态 区域7 “气体”显示栏：用于显示当前的气体流量 区域8 冷却水显示栏：用于显示当前的冷却水温度 区域9 生长时间显示栏：用于显示工艺持续时间 27 5.3 工艺 5.3.']
2025-12-24 18:28:59,897 - INFO - [MainThread] - 段落i=8,长度para_len=421
2025-12-24 18:28:59,897 - INFO - [MainThread] - ************************************************************
2025-12-24 18:28:59,897 - INFO - [MainThread] - 分段id:7,存入：['艺持续时间 27 5.3 工艺 5.3.1 工艺流程界面 点击底部菜单栏的“工艺”按钮，进入如下界面 区域1 是工艺流程控制显示区，整个工艺流程有“空闲”、“抽气”、“洗气”、 “控压”、“加热”、“生长”、“降温”共7 个阶段。在自动状态下点击该阶段按钮 并进行确认，即可从该阶段开始运行。 建议:不要从“抽气”之外的其他阶段或跳过某个阶段执行自动工艺，此种 行为需要判断当前情况是否允许该操作！ 区域2 是工艺执行时的相关操作区 “列表显示”按钮，用表格来显示当前工艺。 “停止”按钮，停止正在执行的工艺 “暂停”按钮，暂停正在执行的工艺， “下一步”按钮，使正在执行的工艺跳过当前步，执行下一步。 “跳转到”按钮和右面的输入框，使正在执行的工艺跳转到输入框中填入的 工艺步执行 “实时漏率”和保压时间，当正在执行的工艺步选择了“保压测试”时，显 28 示相关状态 “温度模式”框，框内是与“温度模式”相关的设定和操作 建议:尽量不要在“抽气”阶段内进行跳步，若必要，请确认当前操作是否 会对设备造成损坏（主要是分子泵）！']
2025-12-24 18:28:59,897 - INFO - [MainThread] - 段落i=9,长度para_len=721
2025-12-24 18:28:59,897 - INFO - [MainThread] - ************************************************************
2025-12-24 18:28:59,897 - INFO - [MainThread] - 分段id:8,存入：['是否 会对设备造成损坏（主要是分子泵）！ 区域3 是工艺流程编辑区 “插入”按钮，在当前选择的工艺步上面增加工艺步 “添加按钮，在当前选择的工艺步下面增加工艺步 “删除”按钮，删除当前选择的工艺步 “复制”按钮，复制当前选择的工艺步，复制成功后，按钮上会显示当前复 29 制的步号，“-”后面的数字代表当前阶段的第xx 步，“-”前面的数字表示工艺 流程阶段，如下 “1”代表“抽真空”； “2”代表“洗气” “3”代表“控压” “4”代表“加热” “5”代表“生长” “6”代表“冷却” “粘贴”按钮，将复制的工艺步替换当前选择的工艺步 “下载”按钮，将当前的工艺下载到PLC 中，点击将弹出如下提示窗，根据 需要进行相关选择 “工艺文件”按钮，点击竖线“|”右边的空白，将弹出3 个选项，“新建” 为新建工艺文件，“打开”为打开现有工艺文件，“保存”为保存当前工艺文件， “工艺文件”下面的显示框内容为当前的工艺文件名称。 30 5.3.']
2025-12-24 18:28:59,899 - INFO - [MainThread] - 段落i=10,长度para_len=677
2025-12-24 18:28:59,899 - INFO - [MainThread] - ************************************************************
2025-12-24 18:28:59,899 - INFO - [MainThread] - 分段id:9,存入：['容为当前的工艺文件名称。 30 5.3.2 工艺编辑界面 点击工艺编辑区，想要编辑的工艺步，将会进入工艺编辑页，如图所示 “步时间”表示当前步的设定时间，选择“时间”按钮生效，生效时颜色变 为绿色 “注释”输入框中可以填写当前步的注释,方便理解 “检查”分为“压力检查”、“功率检查”和“温度检查”，选择生效，当条 件达到时才会进行下一步。 “定位”选择生效，后面第一个输入框内填入相对位移，正数为向上运动， 负数为向下运动，后面第二个输入框内填入速度 “上红外控温”，选择后生效 “下红外控温”，选择后生效 “加热功率”选择后生效，后面第一个输入框内填入目标功率，后面第二个 输入框内填入时间，时间填写不为“0”时，执行斜率控制 “加热温度”选择后生效，后面第一个输入框内填入目标温度，后面第二个 输入框内填入时间，时间填写不为“0”时，执行斜率控制 “开度控制”选择后生效，后面第一个输入框内填入目标开度，后面第二个 输入框内填入时间，时间填写不为“0”时，执行斜率控制 “压力控制”选择后生效，后面第一个输入框内填入目标压力，后面第二个 输入框内填入时间，时间填写不为“0”时，执行斜率控制 “漏率设定”选择“保压测试”后生效，后面第一个输入框内填入目标漏率， 31 后面第二个输入框内填入时间，当时间到时，若实际漏率低于目标漏率，则保压 测试通过，若保压测试没通过，自动将会暂停 “系统真空”选择后生效，后面的输入框填写目标真空度，当系统真空度达 到时，才会进行下一步 “MFC”选择对应的进气阀生效，后面第一个输入框内填入目标流量，后面 第二个输入框内填入时间，时间填写不为“0”时，执行斜率控制 泵与阀图标，选择后生效 32 5.']
2025-12-24 18:28:59,900 - INFO - [MainThread] - 段落i=11,长度para_len=433
2025-12-24 18:28:59,900 - INFO - [MainThread] - ************************************************************
2025-12-24 18:28:59,900 - INFO - [MainThread] - 分段id:10,存入：['控制 泵与阀图标，选择后生效 32 5.4 加热 点击底部菜单栏的“加热”按钮，进入如下界面 左上部显示的是加热相关的各种状态，左下部进行手动的设置和操作。 “红外上”按钮，选择用上红外测温仪控温，绿色代表该状态 “红外下”按钮，选择用下红外测温仪控温，绿色代表该状态 “中频运行”按钮，启动中频电源，绿色代表该状态 “中频停止”按钮，停止中频电源，绿色代表该状态 “温度启动”按钮，启动温度模式，绿色代表该状态 “温度停止”按钮，停止温度模式，绿色代表该状态 “功率启动”按钮，启动功率模式，绿色代表该状态 “功率停止”按钮，停止功率模式，绿色代表该状态 “斜率”按钮，使用斜率控制，绿色代表该状态 33 5.5 运动 点击底部菜单栏的“运动”按钮，进入如下界面 左上部显示当前线圈运动的状态，左下部进行线圈运动的设置和操作。 “速度模式”按钮，选择用速度模式进行线圈运动 “向上移动”，选择开始向上运动 “向下运动”，选择开始向下运动 “速度”，在各模式按钮上的“速度”输入框内填写该模式的速度 “持续时间”输入框中输入速度模式运行的时间 “绝对位置模式”按钮，选择用绝对位置模式进行线圈运动 “位置”输入框中输入绝对位置模式的目标位置 “相对位置模式”按钮，选择用相对位置模式进行线圈运动 “位置”输入框中输入相对位置模式的目标位移 34 5.6 功率历史 点击底部菜单栏的“功率历史”按钮，进入如下界面 左面的表格显示过去1 小时内的功率记录，在“时间范围”后的编辑框填入 时间，点击“计算”按钮，显示计算后的“平均值”和“均方根值” 35 5.']
2025-12-24 18:28:59,902 - INFO - [MainThread] - i=12,最后一个分段,chunk_size=1<800,para_id=11,存入：['后的“平均值”和“均方根值” 35 5.7 趋势 点击底部菜单栏的“趋势”按钮，进入如下界面 选择要显示的曲线名称、范围和颜色即可显示该曲线。 “打开”按钮打开已保存的的设置 “保存”按钮保存当前的设置 “1 分钟”、“15 分钟”、“1 小时”、“6 小时”、“24 小时”、“500 小时”和“自 定义”按钮选择当前曲线的的时间跨度 36 5.8 高温计摄像头 点击底部菜单栏的“高温计摄像头”按钮，打开测温仪的软件，系统任务栏 中出现以下任务 显示该窗口，如下图选择“红外二合一”进入视频显示界面 37 5.9 控制参数 点击底部菜单栏的“控制参数”按钮，进入如下界面 点击“修改”按钮，进入修改状态，如图所示 38 选择想要修改的参数，进行修改，修改后再次点击“修改按钮”，弹出确认 窗口，选择“是” 若设置值在合理范围内，则修改生效，若设置值超出范围，则会弹出错误窗 口，此次修改不会生效 点击“恢复默认”按钮并确认会恢复默认参数 39 5.10 报警静音']
2025-12-24 18:28:59,902 - INFO - [MainThread] - 分段结束，分段落数：12
2025-12-24 18:28:59,902 - INFO - [MainThread] - 执行分块逻辑
2025-12-24 18:28:59,902 - INFO - [MainThread] - ------------------------------------------------------------
2025-12-24 18:28:59,902 - INFO - [MainThread] - 生成分块数据: {'id': 'chunk0', 'chunk': 'I 6 英寸SiC 单晶炉SJJG-400N 软件说明书 中国科学院沈阳科学仪器股份有限公司 二〇二〇年八月 II 目录 一、引言   4 二．软件和程序启动   5 三．主界面概览   6 3.1 主界面概览   6 四．状态栏   8 4.1 出口   9 4.2 用户管理   10 4.2.1 权限   10 4.2.2 用户登录   11 4.2.3 修改密码   12 4.2.4 厂家方面使用的密码(初始密码)   13 4.3 运行模式   14 4.3.1 自动运行模式   14 4.3.2 手动运行模式   14 4.3.3 从自动运行模式切换到手动运行模式   14 4.3.4 状态显示   14 4.3.5 运行模式预选   15 4.4 报警   16 4.4.1 报警消息   16 4.4.2 查看报警信息   16 4.4.3 报警列表   17 4.5 操作员呼叫   21 4.5.1 启动定时呼叫功能   21 4.5.2 停止定时呼叫功能   22 III 4.6 工艺阶段栏   23 五．底部菜单栏   24 5.1 概览   24 5.2 状态   25 5.3 工艺   27 5.3.1 工艺流程界面   27 5.3.2 工艺编辑界面   30 5.4 加热   32 5.5 运动   33 5.6 功率历史   34 5.7 趋势   35 5.8 高温计摄像头   36 5.9 控制参数   37 5.', 'method': 'semantic_chunk'}
2025-12-24 18:28:59,903 - INFO - [MainThread] - ------------------------------------------------------------
2025-12-24 18:28:59,903 - INFO - [MainThread] - 生成分块数据: {'id': 'chunk1', 'chunk': '36 5.9 控制参数   37 5.10 报警静音   39 4 一、引言 SKYAF15 控制系统具有带触摸屏的操作员界面，其可用来控制大部分设 备功能。', 'method': 'semantic_chunk'}
2025-12-24 18:28:59,903 - INFO - [MainThread] - ------------------------------------------------------------
2025-12-24 18:28:59,903 - INFO - [MainThread] - 生成分块数据: {'id': 'chunk2', 'chunk': '可通过触摸屏指定和修改工艺参数，保存工艺方案，并为其加载相应的 工艺。', 'method': 'semantic_chunk'}
2025-12-24 18:28:59,903 - INFO - [MainThread] - ------------------------------------------------------------
2025-12-24 18:28:59,903 - INFO - [MainThread] - 生成分块数据: {'id': 'chunk3', 'chunk': '可通过控制系统在手动、自动运行模式下控制设备。', 'method': 'semantic_chunk'}
2025-12-24 18:28:59,903 - INFO - [MainThread] - ------------------------------------------------------------
2025-12-24 18:28:59,903 - INFO - [MainThread] - 生成分块数据: {'id': 'chunk4', 'chunk': '自动运行模式是常 用的运行模式。', 'method': 'semantic_chunk'}
2025-12-24 18:28:59,903 - INFO - [MainThread] - ------------------------------------------------------------
2025-12-24 18:28:59,903 - INFO - [MainThread] - 生成分块数据: {'id': 'chunk5', 'chunk': '5 二．软件和程序启动 “SKYAF15”软件通过桌面界面上的文件快捷方式“SKYAF15-Shortcut”启 动。', 'method': 'semantic_chunk'}
2025-12-24 18:28:59,904 - INFO - [MainThread] - ------------------------------------------------------------
2025-12-24 18:28:59,904 - INFO - [MainThread] - 生成分块数据: {'id': 'chunk6', 'chunk': '通过双击光标启动程序 启动程序快捷方式后，显示器上将弹出程序的加载界面 加载完成，则进入主界面 主界面 6 三．主界面概览 3.1 主界面概览 1） 状态栏 含用户管理、运行模式、报警、操作员呼叫、日期和工艺阶段子菜单和状态 显示。', 'method': 'semantic_chunk'}
2025-12-24 18:28:59,904 - INFO - [MainThread] - ------------------------------------------------------------
2025-12-24 18:28:59,904 - INFO - [MainThread] - 生成分块数据: {'id': 'chunk7', 'chunk': '2） 设备的状态显示 用于图示当前设备状态。', 'method': 'semantic_chunk'}
2025-12-24 18:28:59,904 - INFO - [MainThread] - ------------------------------------------------------------
2025-12-24 18:28:59,904 - INFO - [MainThread] - 生成分块数据: {'id': 'chunk8', 'chunk': '3）状态栏 用于显示为设备操作员提供的补充文本消息。', 'method': 'semantic_chunk'}
2025-12-24 18:28:59,904 - INFO - [MainThread] - ------------------------------------------------------------
2025-12-24 18:28:59,904 - INFO - [MainThread] - 生成分块数据: {'id': 'chunk9', 'chunk': '4） “底部”菜单栏 含用于状态、工艺、加热、运动、功率历史、趋势、高温摄像头和控制参数 等的子菜单。', 'method': 'semantic_chunk'}
2025-12-24 18:28:59,904 - INFO - [MainThread] - ------------------------------------------------------------
2025-12-24 18:28:59,904 - INFO - [MainThread] - 生成分块数据: {'id': 'chunk10', 'chunk': '5）“压力”显示栏 7 用于显示当前当前压力和控压阀开度。', 'method': 'semantic_chunk'}
2025-12-24 18:28:59,904 - INFO - [MainThread] - ------------------------------------------------------------
2025-12-24 18:28:59,906 - INFO - [MainThread] - 生成分块数据: {'id': 'chunk11', 'chunk': '6） 加热器显示栏 用于显示加热相关状态。', 'method': 'semantic_chunk'}
2025-12-24 18:28:59,906 - INFO - [MainThread] - ------------------------------------------------------------
2025-12-24 18:28:59,906 - INFO - [MainThread] - 生成分块数据: {'id': 'chunk12', 'chunk': '7） “气体”显示栏 用于显示当前的气体流量。', 'method': 'semantic_chunk'}
2025-12-24 18:28:59,906 - INFO - [MainThread] - ------------------------------------------------------------
2025-12-24 18:28:59,906 - INFO - [MainThread] - 生成分块数据: {'id': 'chunk13', 'chunk': '8） 冷却水显示栏 用于显示当前的冷却水温度。', 'method': 'semantic_chunk'}
2025-12-24 18:28:59,906 - INFO - [MainThread] - ------------------------------------------------------------
2025-12-24 18:28:59,906 - INFO - [MainThread] - 生成分块数据: {'id': 'chunk14', 'chunk': '9） 生长时间显示栏 用于显示工艺持续时间。', 'method': 'semantic_chunk'}
2025-12-24 18:28:59,906 - INFO - [MainThread] - ------------------------------------------------------------
2025-12-24 18:28:59,906 - INFO - [MainThread] - 生成分块数据: {'id': 'chunk15', 'chunk': '8 四．状态栏 状态栏整体如下图 1）日期显示： 用于显示时间和日期 2）出口： 用于退出程序。', 'method': 'semantic_chunk'}
2025-12-24 18:28:59,906 - INFO - [MainThread] - ------------------------------------------------------------
2025-12-24 18:28:59,906 - INFO - [MainThread] - 生成分块数据: {'id': 'chunk16', 'chunk': '3）用户管理： 用于管理操作权限和密码，以下图标分别表示 4）运行模式： 用于运行模式“手动模式”、 “自动模式”的预选和相关状态显示。', 'method': 'semantic_chunk'}
2025-12-24 18:28:59,906 - INFO - [MainThread] - ------------------------------------------------------------
2025-12-24 18:28:59,906 - INFO - [MainThread] - 生成分块数据: {'id': 'chunk17', 'chunk': '5）报警： 用于设备故障的报告和显示及确认。', 'method': 'semantic_chunk'}
2025-12-24 18:28:59,908 - INFO - [MainThread] - ------------------------------------------------------------
2025-12-24 18:28:59,908 - INFO - [MainThread] - 生成分块数据: {'id': 'chunk18', 'chunk': '6）操作员呼叫： 用于调节和激活设备的对操作员的呼叫时间 7）工艺阶段栏： 用于显示设备的当前工艺阶段。', 'method': 'semantic_chunk'}
2025-12-24 18:28:59,908 - INFO - [MainThread] - ------------------------------------------------------------
2025-12-24 18:28:59,908 - INFO - [MainThread] - 生成分块数据: {'id': 'chunk19', 'chunk': '9 4.', 'method': 'semantic_chunk'}
2025-12-24 18:28:59,908 - INFO - [MainThread] - ------------------------------------------------------------
2025-12-24 18:28:59,908 - INFO - [MainThread] - 生成分块数据: {'id': 'chunk20', 'chunk': '用于显示设备的当前工艺阶段。', 'method': 'semantic_chunk'}
2025-12-24 18:28:59,908 - INFO - [MainThread] - ------------------------------------------------------------
2025-12-24 18:28:59,908 - INFO - [MainThread] - 生成分块数据: {'id': 'chunk21', 'chunk': '9 4.1 出口 通过“出口”图标，可以退出程序。', 'method': 'semantic_chunk'}
2025-12-24 18:28:59,908 - INFO - [MainThread] - ------------------------------------------------------------
2025-12-24 18:28:59,909 - INFO - [MainThread] - 生成分块数据: {'id': 'chunk22', 'chunk': '界面中将弹出提示窗口，窗口中将带有以下问题： 退出控制系统？ “是”的回答，则将结束程序。', 'method': 'semantic_chunk'}
2025-12-24 18:28:59,909 - INFO - [MainThread] - ------------------------------------------------------------
2025-12-24 18:28:59,909 - INFO - [MainThread] - 生成分块数据: {'id': 'chunk23', 'chunk': '“否”的回答，则将不会结束程序。', 'method': 'semantic_chunk'}
2025-12-24 18:28:59,909 - INFO - [MainThread] - ------------------------------------------------------------
2025-12-24 18:28:59,909 - INFO - [MainThread] - 生成分块数据: {'id': 'chunk24', 'chunk': '10 4.2 用户管理 通过“用户管理”图标，可以对用户权限和密码分配进行控制 4.2.1 权限 通过颜色标记，权限等级便一目了然了： 锁定（没有权限） 操作员 工长 工艺工程师 管理员 11 4.2.2 用户登录 如果没有任何用户登录，默认是锁定，点击用户管理图标进入登录窗口。', 'method': 'semantic_chunk'}
2025-12-24 18:28:59,910 - INFO - [MainThread] - ------------------------------------------------------------
2025-12-24 18:28:59,910 - INFO - [MainThread] - 生成分块数据: {'id': 'chunk25', 'chunk': '在口令中输入密码，按下登录键，密码正确则登录成功，权限图标发生改变。', 'method': 'semantic_chunk'}
2025-12-24 18:28:59,910 - INFO - [MainThread] - ------------------------------------------------------------
2025-12-24 18:28:59,910 - INFO - [MainThread] - 生成分块数据: {'id': 'chunk26', 'chunk': '若密码错误则弹出提示窗，如下图 12 4.2.3 修改密码 只有具有管理员权限方可对密码进行修改 管理员已登录，按下用户管理图标，进入用户管理界面 按下“口令修改”键，弹出窗口，如下图 13 选择要修改密码的用户，依次输入旧口令，新口令和新口令（重复）点击保 存 弹出提示窗“密码修改成功”，则修改已完成。', 'method': 'semantic_chunk'}
2025-12-24 18:28:59,910 - INFO - [MainThread] - ------------------------------------------------------------
2025-12-24 18:28:59,910 - INFO - [MainThread] - 生成分块数据: {'id': 'chunk27', 'chunk': '4.2.4 厂家方面使用的密码(初始密码) 操作员 1111 工长 2222 工艺工程师 3333 管理员 4444 14 4.3 运行模式 可通过控制系统在手动或自动模式下控制设备。', 'method': 'semantic_chunk'}
2025-12-24 18:28:59,910 - INFO - [MainThread] - ------------------------------------------------------------
2025-12-24 18:28:59,910 - INFO - [MainThread] - 生成分块数据: {'id': 'chunk28', 'chunk': '自动模式是常用的运行模 式。', 'method': 'semantic_chunk'}
2025-12-24 18:28:59,910 - INFO - [MainThread] - ------------------------------------------------------------
2025-12-24 18:28:59,912 - INFO - [MainThread] - 生成分块数据: {'id': 'chunk29', 'chunk': '4.3.1 自动运行模式 自动运行模式下可对自动执行的工艺流程和工艺阶段进行划分。', 'method': 'semantic_chunk'}
2025-12-24 18:28:59,912 - INFO - [MainThread] - ------------------------------------------------------------
2025-12-24 18:28:59,912 - INFO - [MainThread] - 生成分块数据: {'id': 'chunk30', 'chunk': '每个阶段的 单个步骤均可进行 仅允许有工艺开发人员或者在与其进行协商后对工艺过程进行编辑。', 'method': 'semantic_chunk'}
2025-12-24 18:28:59,912 - INFO - [MainThread] - ------------------------------------------------------------
2025-12-24 18:28:59,912 - INFO - [MainThread] - 生成分块数据: {'id': 'chunk31', 'chunk': '启动下载过的自动工艺，必须从手动运行模式切换到自动模式。', 'method': 'semantic_chunk'}
2025-12-24 18:28:59,912 - INFO - [MainThread] - ------------------------------------------------------------
2025-12-24 18:28:59,912 - INFO - [MainThread] - 生成分块数据: {'id': 'chunk32', 'chunk': '4.3.2 手动运行模式 手动运行模式下，设备的各系统都可以通过显示器手动通/断，切换或运行 4.3.', 'method': 'semantic_chunk'}
2025-12-24 18:28:59,912 - INFO - [MainThread] - ------------------------------------------------------------
2025-12-24 18:28:59,912 - INFO - [MainThread] - 生成分块数据: {'id': 'chunk33', 'chunk': '过显示器手动通/断，切换或运行 4.3.3 从自动运行模式切换到手动运行模式 自动程序流程期间，可以随时切换回手动运行模式，以便例如作出手动干预。', 'method': 'semantic_chunk'}
2025-12-24 18:28:59,912 - INFO - [MainThread] - ------------------------------------------------------------
2025-12-24 18:28:59,914 - INFO - [MainThread] - 生成分块数据: {'id': 'chunk34', 'chunk': '这时候将会中断自动程序流程，并将所有参数应有值（温度、压力等等）保持为 其最后的有效值。', 'method': 'semantic_chunk'}
2025-12-24 18:28:59,914 - INFO - [MainThread] - ------------------------------------------------------------
2025-12-24 18:28:59,914 - INFO - [MainThread] - 生成分块数据: {'id': 'chunk35', 'chunk': '4.3.4 状态显示 手动模式 自动模式 15 自动模式运行 自动模式暂停 维护模式 4.3.5 运行模式预选 点击状态栏中的运行模式，弹出以下窗口 选择模式，并点击确认，将弹出提示窗，点击是则执行该操作 16 4.4 报警 4.4.1 报警消息 如果设备出现了设备故障，则报警喇叭会根据报警级别会发出不同的声音警 告信号，以提示操作员。', 'method': 'semantic_chunk'}
2025-12-24 18:28:59,914 - INFO - [MainThread] - ------------------------------------------------------------
2025-12-24 18:28:59,914 - INFO - [MainThread] - 生成分块数据: {'id': 'chunk36', 'chunk': '同时控制柜上的信号柱会同时闪烁“红色”或“黄色”， 以作为可视信号。', 'method': 'semantic_chunk'}
2025-12-24 18:28:59,914 - INFO - [MainThread] - ------------------------------------------------------------
2025-12-24 18:28:59,914 - INFO - [MainThread] - 生成分块数据: {'id': 'chunk37', 'chunk': '此外，操作员还可以通过显示器上的图标“报警”识别到设备上出现了故障。', 'method': 'semantic_chunk'}
2025-12-24 18:28:59,914 - INFO - [MainThread] - ------------------------------------------------------------
2025-12-24 18:28:59,914 - INFO - [MainThread] - 生成分块数据: {'id': 'chunk38', 'chunk': '白色，无报警 黄色，有警告，只进行响铃闪灯提示 红蛇，有警报，停止自动运行，并进行相关动作 4.4.2 查看报警信息 通过点击图标“报警”将报警列表打开，如下图 17 4.4.', 'method': 'semantic_chunk'}
2025-12-24 18:28:59,914 - INFO - [MainThread] - ------------------------------------------------------------
2025-12-24 18:28:59,915 - INFO - [MainThread] - 生成分块数据: {'id': 'chunk39', 'chunk': '”将报警列表打开，如下图 17 4.4.3 报警列表 ALERT1 = PLC 通讯失败 停机 ALERT2 = 中频电源通讯失败 停机 ALERT3 = 中频电源故障 停机 ALERT4 = 温控器通讯失败 停机 ALERT5 = 氢气报警1 停机 ALERT6 = 氢气报警2 停机 ALERT7 = 机械泵故障 停机 ALERT8 = 分子泵启动失败 警示 ALERT9 = 粗抽阀故障 停机 ALERT10 = 前级阀故障 停机 ALERT11 = 高阀故障 停机 ALERT12 = ALERT13 = 前门打开 停机 ALERT14 = 保压测试失败 警示 ALERT15 = 线圈抵达上限位 警示 ALERT16 = 线圈抵达下限位 警示 ALERT17 = 上盖断水 停机 ALERT18 = 石英管夹层2 断水 停机 ALERT19 = 铜屏蔽断水 停机 ALERT20 = 分子泵断水 停机 18 ALERT21 = 线圈断水 停机 ALERT22 = 变压器和水冷电缆断水 停机 ALERT23 = 石英管夹层1 断水 停机 ALERT24 = 底盖和抽气室断水 停机 ALERT25 = 气压高 停机 ALERT26 = 工艺结束 警示 ALERT27 = 呼叫时间到 警示 ALERT28 = ALERT29 = 蝶阀定位警告偏差 警示 ALERT30 = 蝶阀定位警报偏差 警示 ALERT31 = 蝶阀控压警告偏差 警示 ALERT32 = 蝶阀控压警报偏差 警示 ALERT33 = MFC1 警告偏差 警示 ALERT34 = MFC1 警报偏差 警示 ALERT35 = MFC2 警告偏差 警示 ALERT36 = MFC2 警报偏差 警示 ALERT37 = MFC3 警告偏差 警示 ALERT38 = MFC3 警报偏差 警示 ALERT39 = MFC4', 'method': 'semantic_chunk'}
2025-12-24 18:28:59,915 - INFO - [MainThread] - ------------------------------------------------------------
2025-12-24 18:28:59,915 - INFO - [MainThread] - 生成分块数据: {'id': 'chunk40', 'chunk': '偏差 警示 ALERT39 = MFC4 警告偏差 警示 ALERT40 = MFC4 警报偏差 警示 ALERT41 = MFC5 警告偏差 警示 19 ALERT42 = MFC5 警报偏差 警示 ALERT43 = 加热功率警告偏差 警示 ALERT44 = 加热功率警报偏差 警示 ALERT45 = 加热温度警告偏差 警示 ALERT46 = 加热温度警报偏差 警示 ALERT47 = 加热超温 停机 ALERT48 = 腔体超压 停机 ALERT49 = 总水温进低于限定值 警示 ALERT50 = 总水温进高于限定值 停机 ALERT51 = 总水温回低于限定值 警示 ALERT52 = 总水温回高于限定值 停机 ALERT53 = 胶圈温度上低于限定值 警示 ALERT54 = 胶圈温度上高于限定值 停机 ALERT55 = 胶圈温度下低于限定值 警示 ALERT56 = 胶圈温度下高于限定值 停机 ALERT57 = 上盖及水冷上法兰水温低于限定值 警示 ALERT58 = 上盖及水冷上法兰水温高于限定值 停机 ALERT59 = 真空室及底盖水温低于限定值 警示 ALERT60 = 真空室及底盖水温高于限定值 停机 ALERT61 = 线圈及水冷电缆水温低于限定值 警示 ALERT62 = 线圈及水冷电缆水温高于限定值 停机 20 ALERT63 = 加热电源水温低于限定值 警示 ALERT64 = 加热电源水温高于限定值 停机 21 4.5 操作员呼叫 设备操作员可以通过状态栏里的“操作员呼叫”图标，在设备上调节呼叫时 间并加以激活。', 'method': 'semantic_chunk'}
2025-12-24 18:28:59,915 - INFO - [MainThread] - ------------------------------------------------------------
2025-12-24 18:28:59,915 - INFO - [MainThread] - 生成分块数据: {'id': 'chunk41', 'chunk': '在呼叫时间过后，会通过信号灯柱的黄色闪光和相应铃声对设备 操作员作出可视化的提醒。', 'method': 'semantic_chunk'}
2025-12-24 18:28:59,915 - INFO - [MainThread] - ------------------------------------------------------------
2025-12-24 18:28:59,916 - INFO - [MainThread] - 生成分块数据: {'id': 'chunk42', 'chunk': '4.5.', 'method': 'semantic_chunk'}
2025-12-24 18:28:59,916 - INFO - [MainThread] - ------------------------------------------------------------
2025-12-24 18:28:59,916 - INFO - [MainThread] - 生成分块数据: {'id': 'chunk43', 'chunk': '设备 操作员作出可视化的提醒。', 'method': 'semantic_chunk'}
2025-12-24 18:28:59,916 - INFO - [MainThread] - ------------------------------------------------------------
2025-12-24 18:28:59,916 - INFO - [MainThread] - 生成分块数据: {'id': 'chunk44', 'chunk': '4.5.1 启动定时呼叫功能 点击状态栏里的“操作员呼叫”图标，将弹出如下窗口 在写入时间输入框中填写时间，并点击启动，将弹出如下提示窗，点击“是” 执行当前操作 22 4.5.2 停止定时呼叫功能 当呼叫铃声响了时，“操作员呼叫”图标发生改变，如下图 此时点击该图标，弹出“定时呼叫窗口”，点击“停止”，并在弹出的提示窗 中点击“是”停止响铃，并停止定时呼叫功能次 23 4.6 工艺阶段栏 通过工艺阶段栏可以显示当前的设备工艺阶段。', 'method': 'semantic_chunk'}
2025-12-24 18:28:59,916 - INFO - [MainThread] - ------------------------------------------------------------
2025-12-24 18:28:59,916 - INFO - [MainThread] - 生成分块数据: {'id': 'chunk45', 'chunk': '各阶段被划分为 64 个可自由设定参数的步骤，并按顺序执行。', 'method': 'semantic_chunk'}
2025-12-24 18:28:59,916 - INFO - [MainThread] - ------------------------------------------------------------
2025-12-24 18:28:59,916 - INFO - [MainThread] - 生成分块数据: {'id': 'chunk46', 'chunk': '在最后一个 步骤结束后，设备将自动切换到下一个工艺阶段 24 五．底部菜单栏 5.1 概览 用于显示当前设备状态 用于编辑工艺，执行工艺 用于显示加热详细信息和进行手动加热操作 用于显示线圈运动详细信息和进行手动线圈运动操作 用于显示过去1 小时内的功率记录 用于以图形形式记录和显示工艺变量 用于打开测温仪的显示界面 用于观看和修改控制参数 用于将当前报警引起的响铃停止 25 5.2 状态 点击底部菜单栏的“状态”按钮，进入如下界面 区域2 用于图示当前设备状态，并且在手动模式下可以进行操作。', 'method': 'semantic_chunk'}
2025-12-24 18:28:59,918 - INFO - [MainThread] - ------------------------------------------------------------
2025-12-24 18:28:59,918 - INFO - [MainThread] - 生成分块数据: {'id': 'chunk47', 'chunk': '状态显示 如下 真空和气体阀 阀门已开 阀门已关 真空泵 泵已接通 泵已关闭 点击想要操作的图标，则会弹出提示窗，如下图，点击“是”则进行操作 26 区域3 状态栏：用于显示为设备操作员提供的补充文本消息 区域5 压力”显示栏：用于显示当前当前压力和控压阀开度 区域6 加热器显示栏：用于显示加热相关状态 区域7 “气体”显示栏：用于显示当前的气体流量 区域8 冷却水显示栏：用于显示当前的冷却水温度 区域9 生长时间显示栏：用于显示工艺持续时间 27 5.3 工艺 5.3.', 'method': 'semantic_chunk'}
2025-12-24 18:28:59,918 - INFO - [MainThread] - ------------------------------------------------------------
2025-12-24 18:28:59,918 - INFO - [MainThread] - 生成分块数据: {'id': 'chunk48', 'chunk': '艺持续时间 27 5.3 工艺 5.3.1 工艺流程界面 点击底部菜单栏的“工艺”按钮，进入如下界面 区域1 是工艺流程控制显示区，整个工艺流程有“空闲”、“抽气”、“洗气”、 “控压”、“加热”、“生长”、“降温”共7 个阶段。', 'method': 'semantic_chunk'}
2025-12-24 18:28:59,918 - INFO - [MainThread] - ------------------------------------------------------------
2025-12-24 18:28:59,918 - INFO - [MainThread] - 生成分块数据: {'id': 'chunk49', 'chunk': '在自动状态下点击该阶段按钮 并进行确认，即可从该阶段开始运行。', 'method': 'semantic_chunk'}
2025-12-24 18:28:59,919 - INFO - [MainThread] - ------------------------------------------------------------
2025-12-24 18:28:59,919 - INFO - [MainThread] - 生成分块数据: {'id': 'chunk50', 'chunk': '建议:不要从“抽气”之外的其他阶段或跳过某个阶段执行自动工艺，此种 行为需要判断当前情况是否允许该操作！ 区域2 是工艺执行时的相关操作区 “列表显示”按钮，用表格来显示当前工艺。', 'method': 'semantic_chunk'}
2025-12-24 18:28:59,919 - INFO - [MainThread] - ------------------------------------------------------------
2025-12-24 18:28:59,919 - INFO - [MainThread] - 生成分块数据: {'id': 'chunk51', 'chunk': '“停止”按钮，停止正在执行的工艺 “暂停”按钮，暂停正在执行的工艺， “下一步”按钮，使正在执行的工艺跳过当前步，执行下一步。', 'method': 'semantic_chunk'}
2025-12-24 18:28:59,919 - INFO - [MainThread] - ------------------------------------------------------------
2025-12-24 18:28:59,919 - INFO - [MainThread] - 生成分块数据: {'id': 'chunk52', 'chunk': '“跳转到”按钮和右面的输入框，使正在执行的工艺跳转到输入框中填入的 工艺步执行 “实时漏率”和保压时间，当正在执行的工艺步选择了“保压测试”时，显 28 示相关状态 “温度模式”框，框内是与“温度模式”相关的设定和操作 建议:尽量不要在“抽气”阶段内进行跳步，若必要，请确认当前操作是否 会对设备造成损坏（主要是分子泵）！', 'method': 'semantic_chunk'}
2025-12-24 18:28:59,919 - INFO - [MainThread] - ------------------------------------------------------------
2025-12-24 18:28:59,919 - INFO - [MainThread] - 生成分块数据: {'id': 'chunk53', 'chunk': '是否 会对设备造成损坏（主要是分子泵）！ 区域3 是工艺流程编辑区 “插入”按钮，在当前选择的工艺步上面增加工艺步 “添加按钮，在当前选择的工艺步下面增加工艺步 “删除”按钮，删除当前选择的工艺步 “复制”按钮，复制当前选择的工艺步，复制成功后，按钮上会显示当前复 29 制的步号，“-”后面的数字代表当前阶段的第xx 步，“-”前面的数字表示工艺 流程阶段，如下 “1”代表“抽真空”；', 'method': 'semantic_chunk'}
2025-12-24 18:28:59,921 - INFO - [MainThread] - ------------------------------------------------------------
2025-12-24 18:28:59,921 - INFO - [MainThread] - 生成分块数据: {'id': 'chunk54', 'chunk': '“2”代表“洗气” “3”代表“控压” “4”代表“加热” “5”代表“生长” “6”代表“冷却” “粘贴”按钮，将复制的工艺步替换当前选择的工艺步 “下载”按钮，将当前的工艺下载到PLC 中，点击将弹出如下提示窗，根据 需要进行相关选择 “工艺文件”按钮，点击竖线“|”右边的空白，将弹出3 个选项，“新建” 为新建工艺文件，“打开”为打开现有工艺文件，“保存”为保存当前工艺文件， “工艺文件”下面的显示框内容为当前的工艺文件名称。', 'method': 'semantic_chunk'}
2025-12-24 18:28:59,921 - INFO - [MainThread] - ------------------------------------------------------------
2025-12-24 18:28:59,921 - INFO - [MainThread] - 生成分块数据: {'id': 'chunk55', 'chunk': '30 5.3.', 'method': 'semantic_chunk'}
2025-12-24 18:28:59,921 - INFO - [MainThread] - ------------------------------------------------------------
2025-12-24 18:28:59,921 - INFO - [MainThread] - 生成分块数据: {'id': 'chunk56', 'chunk': '容为当前的工艺文件名称。', 'method': 'semantic_chunk'}
2025-12-24 18:28:59,921 - INFO - [MainThread] - ------------------------------------------------------------
2025-12-24 18:28:59,921 - INFO - [MainThread] - 生成分块数据: {'id': 'chunk57', 'chunk': '30 5.3.2 工艺编辑界面 点击工艺编辑区，想要编辑的工艺步，将会进入工艺编辑页，如图所示 “步时间”表示当前步的设定时间，选择“时间”按钮生效，生效时颜色变 为绿色 “注释”输入框中可以填写当前步的注释,方便理解 “检查”分为“压力检查”、“功率检查”和“温度检查”，选择生效，当条 件达到时才会进行下一步。', 'method': 'semantic_chunk'}
2025-12-24 18:28:59,921 - INFO - [MainThread] - ------------------------------------------------------------
2025-12-24 18:28:59,923 - INFO - [MainThread] - 生成分块数据: {'id': 'chunk58', 'chunk': '“定位”选择生效，后面第一个输入框内填入相对位移，正数为向上运动， 负数为向下运动，后面第二个输入框内填入速度 “上红外控温”，选择后生效 “下红外控温”，选择后生效 “加热功率”选择后生效，后面第一个输入框内填入目标功率，后面第二个 输入框内填入时间，时间填写不为“0”时，执行斜率控制 “加热温度”选择后生效，后面第一个输入框内填入目标温度，后面第二个 输入框内填入时间，时间填写不为“0”时，执行斜率控制 “开度控制”选择后生效，后面第一个输入框内填入目标开度，后面第二个 输入框内填入时间，时间填写不为“0”时，执行斜率控制 “压力控制”选择后生效，后面第一个输入框内填入目标压力，后面第二个 输入框内填入时间，时间填写不为“0”时，执行斜率控制 “漏率设定”选择“保压测试”后生效，后面第一个输入框内填入目标漏率， 31 后面第二个输入框内填入时间，当时间到时，若实际漏率低于目标漏率，则保压 测试通过，若保压测试没通过，自动将会暂停 “系统真空”选择后生效，后面的输入框填写目标真空度，当系统真空度达 到时，才会进行下一步 “MFC”选择对应的进气阀生效，后面第一个输入框内填入目标流量，后面 第二个输入框内填入时间，时间填写不为“0”时，执行斜率控制 泵与阀图标，选择后生效 32 5.', 'method': 'semantic_chunk'}
2025-12-24 18:28:59,923 - INFO - [MainThread] - ------------------------------------------------------------
2025-12-24 18:28:59,923 - INFO - [MainThread] - 生成分块数据: {'id': 'chunk59', 'chunk': '控制 泵与阀图标，选择后生效 32 5.4 加热 点击底部菜单栏的“加热”按钮，进入如下界面 左上部显示的是加热相关的各种状态，左下部进行手动的设置和操作。', 'method': 'semantic_chunk'}
2025-12-24 18:28:59,924 - INFO - [MainThread] - ------------------------------------------------------------
2025-12-24 18:28:59,924 - INFO - [MainThread] - 生成分块数据: {'id': 'chunk60', 'chunk': '“红外上”按钮，选择用上红外测温仪控温，绿色代表该状态 “红外下”按钮，选择用下红外测温仪控温，绿色代表该状态 “中频运行”按钮，启动中频电源，绿色代表该状态 “中频停止”按钮，停止中频电源，绿色代表该状态 “温度启动”按钮，启动温度模式，绿色代表该状态 “温度停止”按钮，停止温度模式，绿色代表该状态 “功率启动”按钮，启动功率模式，绿色代表该状态 “功率停止”按钮，停止功率模式，绿色代表该状态 “斜率”按钮，使用斜率控制，绿色代表该状态 33 5.5 运动 点击底部菜单栏的“运动”按钮，进入如下界面 左上部显示当前线圈运动的状态，左下部进行线圈运动的设置和操作。', 'method': 'semantic_chunk'}
2025-12-24 18:28:59,924 - INFO - [MainThread] - ------------------------------------------------------------
2025-12-24 18:28:59,924 - INFO - [MainThread] - 生成分块数据: {'id': 'chunk61', 'chunk': '“速度模式”按钮，选择用速度模式进行线圈运动 “向上移动”，选择开始向上运动 “向下运动”，选择开始向下运动 “速度”，在各模式按钮上的“速度”输入框内填写该模式的速度 “持续时间”输入框中输入速度模式运行的时间 “绝对位置模式”按钮，选择用绝对位置模式进行线圈运动 “位置”输入框中输入绝对位置模式的目标位置 “相对位置模式”按钮，选择用相对位置模式进行线圈运动 “位置”输入框中输入相对位置模式的目标位移 34 5.6 功率历史 点击底部菜单栏的“功率历史”按钮，进入如下界面 左面的表格显示过去1 小时内的功率记录，在“时间范围”后的编辑框填入 时间，点击“计算”按钮，显示计算后的“平均值”和“均方根值” 35 5.', 'method': 'semantic_chunk'}
2025-12-24 18:28:59,925 - INFO - [MainThread] - ------------------------------------------------------------
2025-12-24 18:28:59,925 - INFO - [MainThread] - 生成分块数据: {'id': 'chunk62', 'chunk': '后的“平均值”和“均方根值” 35 5.7 趋势 点击底部菜单栏的“趋势”按钮，进入如下界面 选择要显示的曲线名称、范围和颜色即可显示该曲线。', 'method': 'semantic_chunk'}
2025-12-24 18:28:59,925 - INFO - [MainThread] - ------------------------------------------------------------
2025-12-24 18:28:59,925 - INFO - [MainThread] - 生成分块数据: {'id': 'chunk63', 'chunk': '“打开”按钮打开已保存的的设置 “保存”按钮保存当前的设置 “1 分钟”、“15 分钟”、“1 小时”、“6 小时”、“24 小时”、“500 小时”和“自 定义”按钮选择当前曲线的的时间跨度 36 5.8 高温计摄像头 点击底部菜单栏的“高温计摄像头”按钮，打开测温仪的软件，系统任务栏 中出现以下任务 显示该窗口，如下图选择“红外二合一”进入视频显示界面 37 5.9 控制参数 点击底部菜单栏的“控制参数”按钮，进入如下界面 点击“修改”按钮，进入修改状态，如图所示 38 选择想要修改的参数，进行修改，修改后再次点击“修改按钮”，弹出确认 窗口，选择“是” 若设置值在合理范围内，则修改生效，若设置值超出范围，则会弹出错误窗 口，此次修改不会生效 点击“恢复默认”按钮并确认会恢复默认参数 39 5.10 报警静音', 'method': 'semantic_chunk'}
2025-12-24 18:29:00,865 - INFO - [MainThread] - HTTP Request: POST https://dashscope.aliyuncs.com/compatible-mode/v1/embeddings "HTTP/1.1 200 OK"
2025-12-24 18:29:01,455 - INFO - [MainThread] - HTTP Request: POST https://dashscope.aliyuncs.com/compatible-mode/v1/embeddings "HTTP/1.1 200 OK"
2025-12-24 18:29:01,783 - INFO - [MainThread] - HTTP Request: POST https://dashscope.aliyuncs.com/compatible-mode/v1/embeddings "HTTP/1.1 200 OK"
2025-12-24 18:29:02,486 - INFO - [MainThread] - HTTP Request: POST https://dashscope.aliyuncs.com/compatible-mode/v1/embeddings "HTTP/1.1 200 OK"
2025-12-24 18:29:02,887 - INFO - [MainThread] - HTTP Request: POST https://dashscope.aliyuncs.com/compatible-mode/v1/embeddings "HTTP/1.1 200 OK"
2025-12-24 18:29:03,380 - INFO - [MainThread] - HTTP Request: POST https://dashscope.aliyuncs.com/compatible-mode/v1/embeddings "HTTP/1.1 200 OK"
2025-12-24 18:29:03,767 - INFO - [MainThread] - HTTP Request: POST https://dashscope.aliyuncs.com/compatible-mode/v1/embeddings "HTTP/1.1 200 OK"
2025-12-24 18:29:20,588 - INFO - [MainThread] - 正在启动联网搜索...
2025-12-24 18:29:20,589 - INFO - [MainThread] - index_path:{index_path}
2025-12-24 18:29:21,334 - INFO - [MainThread] - HTTP Request: POST https://dashscope.aliyuncs.com/compatible-mode/v1/embeddings "HTTP/1.1 200 OK"
2025-12-24 18:29:27,946 - INFO - [ThreadPoolExecutor-0_0] - HTTP Request: POST https://dashscope.aliyuncs.com/compatible-mode/v1/embeddings "HTTP/1.1 200 OK"
2025-12-24 18:29:28,574 - INFO - [ThreadPoolExecutor-0_0] - HTTP Request: POST https://dashscope.aliyuncs.com/compatible-mode/v1/embeddings "HTTP/1.1 200 OK"
2025-12-24 18:29:29,087 - INFO - [ThreadPoolExecutor-0_0] - HTTP Request: POST https://dashscope.aliyuncs.com/compatible-mode/v1/embeddings "HTTP/1.1 200 OK"
2025-12-24 18:29:29,404 - INFO - [ThreadPoolExecutor-0_0] - HTTP Request: POST https://dashscope.aliyuncs.com/compatible-mode/v1/embeddings "HTTP/1.1 200 OK"
2025-12-24 18:29:29,823 - INFO - [ThreadPoolExecutor-0_0] - HTTP Request: POST https://dashscope.aliyuncs.com/compatible-mode/v1/embeddings "HTTP/1.1 200 OK"
2025-12-24 18:29:30,560 - INFO - [ThreadPoolExecutor-0_0] - HTTP Request: POST https://dashscope.aliyuncs.com/compatible-mode/v1/embeddings "HTTP/1.1 200 OK"
2025-12-24 18:29:31,449 - INFO - [MainThread] - HTTP Request: POST https://dashscope.aliyuncs.com/compatible-mode/v1/chat/completions "HTTP/1.1 200 OK"
2025-12-24 18:29:31,734 - INFO - [MainThread] - HTTP Request: POST https://dashscope.aliyuncs.com/compatible-mode/v1/embeddings "HTTP/1.1 200 OK"
2025-12-24 18:29:32,071 - INFO - [MainThread] - HTTP Request: POST https://dashscope.aliyuncs.com/compatible-mode/v1/embeddings "HTTP/1.1 200 OK"
2025-12-24 18:29:32,270 - INFO - [MainThread] - HTTP Request: POST https://dashscope.aliyuncs.com/compatible-mode/v1/embeddings "HTTP/1.1 200 OK"
2025-12-24 18:29:40,206 - INFO - [MainThread] - HTTP Request: POST https://dashscope.aliyuncs.com/compatible-mode/v1/chat/completions "HTTP/1.1 200 OK"
2025-12-24 18:29:40,469 - INFO - [MainThread] - HTTP Request: POST https://dashscope.aliyuncs.com/compatible-mode/v1/embeddings "HTTP/1.1 200 OK"
2025-12-24 18:29:40,635 - INFO - [MainThread] - HTTP Request: POST https://dashscope.aliyuncs.com/compatible-mode/v1/embeddings "HTTP/1.1 200 OK"
2025-12-24 18:29:40,791 - INFO - [MainThread] - HTTP Request: POST https://dashscope.aliyuncs.com/compatible-mode/v1/embeddings "HTTP/1.1 200 OK"
2025-12-24 18:29:50,069 - INFO - [MainThread] - HTTP Request: POST https://dashscope.aliyuncs.com/compatible-mode/v1/chat/completions "HTTP/1.1 200 OK"
2025-12-24 18:30:12,698 - INFO - [MainThread] - HTTP Request: POST https://dashscope.aliyuncs.com/compatible-mode/v1/chat/completions "HTTP/1.1 200 OK"
2025-12-24 18:30:51,195 - INFO - [MainThread] - HTTP Request: POST https://dashscope.aliyuncs.com/compatible-mode/v1/chat/completions "HTTP/1.1 200 OK"
2025-12-25 11:24:38,407 - INFO - [MainThread] - 正在启动联网搜索...
2025-12-25 11:24:38,408 - INFO - [MainThread] - index_path:{index_path}
2025-12-25 11:24:39,159 - INFO - [MainThread] - HTTP Request: POST https://dashscope.aliyuncs.com/compatible-mode/v1/embeddings "HTTP/1.1 200 OK"
2025-12-25 11:24:48,260 - INFO - [ThreadPoolExecutor-0_0] - HTTP Request: POST https://dashscope.aliyuncs.com/compatible-mode/v1/embeddings "HTTP/1.1 200 OK"
2025-12-25 11:24:48,373 - INFO - [MainThread] - HTTP Request: POST https://dashscope.aliyuncs.com/compatible-mode/v1/chat/completions "HTTP/1.1 200 OK"
2025-12-25 11:24:48,584 - INFO - [MainThread] - HTTP Request: POST https://dashscope.aliyuncs.com/compatible-mode/v1/embeddings "HTTP/1.1 200 OK"
2025-12-25 11:24:48,774 - INFO - [MainThread] - HTTP Request: POST https://dashscope.aliyuncs.com/compatible-mode/v1/embeddings "HTTP/1.1 200 OK"
2025-12-25 11:24:48,814 - INFO - [ThreadPoolExecutor-0_0] - HTTP Request: POST https://dashscope.aliyuncs.com/compatible-mode/v1/embeddings "HTTP/1.1 200 OK"
2025-12-25 11:24:49,067 - INFO - [MainThread] - HTTP Request: POST https://dashscope.aliyuncs.com/compatible-mode/v1/embeddings "HTTP/1.1 200 OK"
2025-12-25 11:24:49,209 - INFO - [ThreadPoolExecutor-0_0] - HTTP Request: POST https://dashscope.aliyuncs.com/compatible-mode/v1/embeddings "HTTP/1.1 200 OK"
2025-12-25 11:24:57,162 - INFO - [ThreadPoolExecutor-0_0] - HTTP Request: POST https://dashscope.aliyuncs.com/compatible-mode/v1/embeddings "HTTP/1.1 200 OK"
2025-12-25 11:24:57,478 - INFO - [ThreadPoolExecutor-0_0] - HTTP Request: POST https://dashscope.aliyuncs.com/compatible-mode/v1/embeddings "HTTP/1.1 200 OK"
2025-12-25 11:24:57,788 - INFO - [ThreadPoolExecutor-0_0] - HTTP Request: POST https://dashscope.aliyuncs.com/compatible-mode/v1/embeddings "HTTP/1.1 200 OK"
2025-12-25 11:24:59,805 - INFO - [MainThread] - HTTP Request: POST https://dashscope.aliyuncs.com/compatible-mode/v1/chat/completions "HTTP/1.1 200 OK"
2025-12-25 11:25:00,082 - INFO - [MainThread] - HTTP Request: POST https://dashscope.aliyuncs.com/compatible-mode/v1/embeddings "HTTP/1.1 200 OK"
2025-12-25 11:25:00,281 - INFO - [MainThread] - HTTP Request: POST https://dashscope.aliyuncs.com/compatible-mode/v1/embeddings "HTTP/1.1 200 OK"
2025-12-25 11:25:00,505 - INFO - [MainThread] - HTTP Request: POST https://dashscope.aliyuncs.com/compatible-mode/v1/embeddings "HTTP/1.1 200 OK"
2025-12-25 11:25:10,170 - INFO - [MainThread] - HTTP Request: POST https://dashscope.aliyuncs.com/compatible-mode/v1/chat/completions "HTTP/1.1 200 OK"
2025-12-25 11:25:34,567 - INFO - [MainThread] - HTTP Request: POST https://dashscope.aliyuncs.com/compatible-mode/v1/chat/completions "HTTP/1.1 200 OK"
2025-12-25 11:26:10,658 - INFO - [MainThread] - HTTP Request: POST https://dashscope.aliyuncs.com/compatible-mode/v1/chat/completions "HTTP/1.1 200 OK"
2025-12-25 11:48:38,716 - INFO - [MainThread] - 正在启动联网搜索...
2025-12-25 11:48:38,717 - INFO - [MainThread] - index_path:{index_path}
2025-12-25 11:48:39,410 - INFO - [MainThread] - HTTP Request: POST https://dashscope.aliyuncs.com/compatible-mode/v1/embeddings "HTTP/1.1 200 OK"
2025-12-25 11:48:46,059 - INFO - [ThreadPoolExecutor-0_0] - HTTP Request: POST https://dashscope.aliyuncs.com/compatible-mode/v1/embeddings "HTTP/1.1 200 OK"
2025-12-25 11:48:46,622 - INFO - [ThreadPoolExecutor-0_0] - HTTP Request: POST https://dashscope.aliyuncs.com/compatible-mode/v1/embeddings "HTTP/1.1 200 OK"
2025-12-25 11:48:46,939 - INFO - [ThreadPoolExecutor-0_0] - HTTP Request: POST https://dashscope.aliyuncs.com/compatible-mode/v1/embeddings "HTTP/1.1 200 OK"
2025-12-25 11:48:47,101 - INFO - [ThreadPoolExecutor-0_0] - HTTP Request: POST https://dashscope.aliyuncs.com/compatible-mode/v1/embeddings "HTTP/1.1 200 OK"
2025-12-25 11:48:48,922 - INFO - [MainThread] - HTTP Request: POST https://dashscope.aliyuncs.com/compatible-mode/v1/chat/completions "HTTP/1.1 200 OK"
2025-12-25 11:49:14,803 - INFO - [MainThread] - HTTP Request: POST https://dashscope.aliyuncs.com/compatible-mode/v1/chat/completions "HTTP/1.1 200 OK"
2025-12-25 14:45:59,931 - INFO - [MainThread] - 正在启动联网搜索...
2025-12-25 14:45:59,933 - INFO - [MainThread] - index_path:{index_path}
2025-12-25 14:46:00,489 - INFO - [MainThread] - HTTP Request: POST https://dashscope.aliyuncs.com/compatible-mode/v1/embeddings "HTTP/1.1 200 OK"
2025-12-25 14:46:02,738 - INFO - [ThreadPoolExecutor-0_0] - HTTP Request: POST https://dashscope.aliyuncs.com/compatible-mode/v1/embeddings "HTTP/1.1 200 OK"
2025-12-25 14:46:03,106 - INFO - [ThreadPoolExecutor-0_0] - HTTP Request: POST https://dashscope.aliyuncs.com/compatible-mode/v1/embeddings "HTTP/1.1 200 OK"
2025-12-25 14:46:15,637 - INFO - [MainThread] - HTTP Request: POST https://dashscope.aliyuncs.com/compatible-mode/v1/chat/completions "HTTP/1.1 200 OK"
2025-12-25 14:46:46,791 - INFO - [MainThread] - HTTP Request: POST https://dashscope.aliyuncs.com/compatible-mode/v1/chat/completions "HTTP/1.1 200 OK"
2025-12-25 17:47:24,260 - INFO - [MainThread] - 正在启动联网搜索...
2025-12-25 17:47:24,932 - INFO - [MainThread] - HTTP Request: POST https://dashscope.aliyuncs.com/compatible-mode/v1/embeddings "HTTP/1.1 200 OK"
2025-12-25 17:47:25,612 - INFO - [ThreadPoolExecutor-0_0] - HTTP Request: POST https://dashscope.aliyuncs.com/compatible-mode/v1/embeddings "HTTP/1.1 200 OK"
2025-12-25 17:47:26,061 - INFO - [ThreadPoolExecutor-0_0] - HTTP Request: POST https://dashscope.aliyuncs.com/compatible-mode/v1/embeddings "HTTP/1.1 200 OK"
2025-12-25 17:47:38,115 - INFO - [MainThread] - HTTP Request: POST https://dashscope.aliyuncs.com/compatible-mode/v1/chat/completions "HTTP/1.1 200 OK"
2025-12-25 17:47:59,804 - INFO - [MainThread] - HTTP Request: POST https://dashscope.aliyuncs.com/compatible-mode/v1/chat/completions "HTTP/1.1 200 OK"
